<?xml version="1.0" encoding="UTF-8"?>
<testng-results skipped="1" failed="0" ignored="0" total="15" passed="14">
  <reporter-output>
  </reporter-output>
  <suite name="Suite" duration-ms="332286" started-at="2023-04-22T19:30:28 IST" finished-at="2023-04-22T19:36:00 IST">
    <groups>
      <group name="regression">
        <method signature="ManageOfferCodeTest.manageoffercode(java.lang.String,java.lang.String)[pri:0, instance:com.sevenRMartSuperMarketTest.ManageOfferCodeTest@7c417213]" name="manageoffercode" class="com.sevenRMartSuperMarketTest.ManageOfferCodeTest"/>
        <method signature="ManagePaymentMethodsTest.managePaymentMethodsAction(java.lang.String,java.lang.String)[pri:0, instance:com.sevenRMartSuperMarketTest.ManagePaymentMethodsTest@37e547da]" name="managePaymentMethodsAction" class="com.sevenRMartSuperMarketTest.ManagePaymentMethodsTest"/>
        <method signature="ManagePaymentMethodsTest.managePaymentMethodsType(java.lang.String,java.lang.String)[pri:0, instance:com.sevenRMartSuperMarketTest.ManagePaymentMethodsTest@37e547da]" name="managePaymentMethodsType" class="com.sevenRMartSuperMarketTest.ManagePaymentMethodsTest"/>
        <method signature="ManageProductsTest.manageProductsAddProductTypeRadioButton(java.lang.String,java.lang.String)[pri:0, instance:com.sevenRMartSuperMarketTest.ManageProductsTest@13acb0d1]" name="manageProductsAddProductTypeRadioButton" class="com.sevenRMartSuperMarketTest.ManageProductsTest"/>
        <method signature="ManageProductsTest.manageProductsfaker(java.lang.String,java.lang.String)[pri:0, instance:com.sevenRMartSuperMarketTest.ManageProductsTest@13acb0d1]" name="manageProductsfaker" class="com.sevenRMartSuperMarketTest.ManageProductsTest"/>
      </group> <!-- regression -->
    </groups>
    <test name="Test" duration-ms="332286" started-at="2023-04-22T19:30:28 IST" finished-at="2023-04-22T19:36:00 IST">
      <class name="com.sevenRMartSuperMarketTest.VerifyUsersTest">
        <test-method status="PASS" signature="initialiseBrowser(java.lang.String)[pri:0, instance:com.sevenRMartSuperMarketTest.VerifyUsersTest@780cb77]" name="initialiseBrowser" is-config="true" duration-ms="20299" started-at="2023-04-22T19:30:28 IST" finished-at="2023-04-22T19:30:48 IST">
          <params>
            <param index="0">
              <value>
                <![CDATA[chrome]]>
              </value>
            </param>
          </params>
          <reporter-output>
          </reporter-output>
        </test-method> <!-- initialiseBrowser -->
        <test-method status="PASS" signature="verifyUsers(java.lang.String,java.lang.String)[pri:0, instance:com.sevenRMartSuperMarketTest.VerifyUsersTest@780cb77]" name="verifyUsers" duration-ms="5462" started-at="2023-04-22T19:30:48 IST" finished-at="2023-04-22T19:30:53 IST">
          <params>
            <param index="0">
              <value>
                <![CDATA[admin]]>
              </value>
            </param>
            <param index="1">
              <value>
                <![CDATA[admin]]>
              </value>
            </param>
          </params>
          <reporter-output>
          </reporter-output>
        </test-method> <!-- verifyUsers -->
        <test-method status="PASS" signature="browserQuit(org.testng.ITestResult)[pri:0, instance:com.sevenRMartSuperMarketTest.VerifyUsersTest@780cb77]" name="browserQuit" is-config="true" duration-ms="889" started-at="2023-04-22T19:30:54 IST" finished-at="2023-04-22T19:30:55 IST">
          <params>
            <param index="0">
              <value>
                <![CDATA[[TestResult name=verifyUsers status=SUCCESS method=VerifyUsersTest.verifyUsers(java.lang.String,java.lang.String)[pri:0, instance:com.sevenRMartSuperMarketTest.VerifyUsersTest@780cb77] output={null}]]]>
              </value>
            </param>
          </params>
          <reporter-output>
          </reporter-output>
        </test-method> <!-- browserQuit -->
      </class> <!-- com.sevenRMartSuperMarketTest.VerifyUsersTest -->
      <class name="com.sevenRMartSuperMarketTest.PushNotificationsTest">
        <test-method status="PASS" signature="initialiseBrowser(java.lang.String)[pri:0, instance:com.sevenRMartSuperMarketTest.PushNotificationsTest@6107227e]" name="initialiseBrowser" is-config="true" duration-ms="17577" started-at="2023-04-22T19:35:16 IST" finished-at="2023-04-22T19:35:34 IST">
          <params>
            <param index="0">
              <value>
                <![CDATA[chrome]]>
              </value>
            </param>
          </params>
          <reporter-output>
          </reporter-output>
        </test-method> <!-- initialiseBrowser -->
        <test-method status="PASS" signature="pushNotifications(java.lang.String,java.lang.String)[pri:0, instance:com.sevenRMartSuperMarketTest.PushNotificationsTest@6107227e]" name="pushNotifications" duration-ms="3377" started-at="2023-04-22T19:35:34 IST" finished-at="2023-04-22T19:35:37 IST">
          <params>
            <param index="0">
              <value>
                <![CDATA[admin]]>
              </value>
            </param>
            <param index="1">
              <value>
                <![CDATA[admin]]>
              </value>
            </param>
          </params>
          <reporter-output>
          </reporter-output>
        </test-method> <!-- pushNotifications -->
        <test-method status="PASS" signature="browserQuit(org.testng.ITestResult)[pri:0, instance:com.sevenRMartSuperMarketTest.PushNotificationsTest@6107227e]" name="browserQuit" is-config="true" duration-ms="857" started-at="2023-04-22T19:35:37 IST" finished-at="2023-04-22T19:35:38 IST">
          <params>
            <param index="0">
              <value>
                <![CDATA[[TestResult name=pushNotifications status=SUCCESS method=PushNotificationsTest.pushNotifications(java.lang.String,java.lang.String)[pri:0, instance:com.sevenRMartSuperMarketTest.PushNotificationsTest@6107227e] output={null}]]]>
              </value>
            </param>
          </params>
          <reporter-output>
          </reporter-output>
        </test-method> <!-- browserQuit -->
      </class> <!-- com.sevenRMartSuperMarketTest.PushNotificationsTest -->
      <class name="com.sevenRMartSuperMarketTest.ManageProductsTest">
        <test-method status="PASS" signature="initialiseBrowser(java.lang.String)[pri:0, instance:com.sevenRMartSuperMarketTest.ManageProductsTest@13acb0d1]" name="initialiseBrowser" is-config="true" duration-ms="18652" started-at="2023-04-22T19:30:55 IST" finished-at="2023-04-22T19:31:13 IST">
          <params>
            <param index="0">
              <value>
                <![CDATA[chrome]]>
              </value>
            </param>
          </params>
          <reporter-output>
          </reporter-output>
        </test-method> <!-- initialiseBrowser -->
        <test-method status="PASS" signature="manageProductsAddProductTypeRadioButton(java.lang.String,java.lang.String)[pri:0, instance:com.sevenRMartSuperMarketTest.ManageProductsTest@13acb0d1]" name="manageProductsAddProductTypeRadioButton" duration-ms="4131" started-at="2023-04-22T19:31:13 IST" finished-at="2023-04-22T19:31:18 IST">
          <params>
            <param index="0">
              <value>
                <![CDATA[admin]]>
              </value>
            </param>
            <param index="1">
              <value>
                <![CDATA[admin]]>
              </value>
            </param>
          </params>
          <reporter-output>
          </reporter-output>
        </test-method> <!-- manageProductsAddProductTypeRadioButton -->
        <test-method status="PASS" signature="browserQuit(org.testng.ITestResult)[pri:0, instance:com.sevenRMartSuperMarketTest.ManageProductsTest@13acb0d1]" name="browserQuit" is-config="true" duration-ms="845" started-at="2023-04-22T19:31:18 IST" finished-at="2023-04-22T19:31:18 IST">
          <params>
            <param index="0">
              <value>
                <![CDATA[[TestResult name=manageProductsAddProductTypeRadioButton status=SUCCESS method=ManageProductsTest.manageProductsAddProductTypeRadioButton(java.lang.String,java.lang.String)[pri:0, instance:com.sevenRMartSuperMarketTest.ManageProductsTest@13acb0d1] output={null}]]]>
              </value>
            </param>
          </params>
          <reporter-output>
          </reporter-output>
        </test-method> <!-- browserQuit -->
        <test-method status="PASS" signature="initialiseBrowser(java.lang.String)[pri:0, instance:com.sevenRMartSuperMarketTest.ManageProductsTest@13acb0d1]" name="initialiseBrowser" is-config="true" duration-ms="17651" started-at="2023-04-22T19:31:18 IST" finished-at="2023-04-22T19:31:36 IST">
          <params>
            <param index="0">
              <value>
                <![CDATA[chrome]]>
              </value>
            </param>
          </params>
          <reporter-output>
          </reporter-output>
        </test-method> <!-- initialiseBrowser -->
        <test-method status="PASS" signature="manageProductsfaker(java.lang.String,java.lang.String)[pri:0, instance:com.sevenRMartSuperMarketTest.ManageProductsTest@13acb0d1]" name="manageProductsfaker" duration-ms="3511" started-at="2023-04-22T19:31:36 IST" finished-at="2023-04-22T19:31:40 IST">
          <params>
            <param index="0">
              <value>
                <![CDATA[admin]]>
              </value>
            </param>
            <param index="1">
              <value>
                <![CDATA[admin]]>
              </value>
            </param>
          </params>
          <reporter-output>
          </reporter-output>
        </test-method> <!-- manageProductsfaker -->
        <test-method status="PASS" signature="browserQuit(org.testng.ITestResult)[pri:0, instance:com.sevenRMartSuperMarketTest.ManageProductsTest@13acb0d1]" name="browserQuit" is-config="true" duration-ms="882" started-at="2023-04-22T19:31:40 IST" finished-at="2023-04-22T19:31:40 IST">
          <params>
            <param index="0">
              <value>
                <![CDATA[[TestResult name=manageProductsfaker status=SUCCESS method=ManageProductsTest.manageProductsfaker(java.lang.String,java.lang.String)[pri:0, instance:com.sevenRMartSuperMarketTest.ManageProductsTest@13acb0d1] output={null}]]]>
              </value>
            </param>
          </params>
          <reporter-output>
          </reporter-output>
        </test-method> <!-- browserQuit -->
      </class> <!-- com.sevenRMartSuperMarketTest.ManageProductsTest -->
      <class name="com.sevenRMartSuperMarketTest.ManagePaymentMethodsTest">
        <test-method status="PASS" signature="initialiseBrowser(java.lang.String)[pri:0, instance:com.sevenRMartSuperMarketTest.ManagePaymentMethodsTest@37e547da]" name="initialiseBrowser" is-config="true" duration-ms="19578" started-at="2023-04-22T19:32:39 IST" finished-at="2023-04-22T19:32:59 IST">
          <params>
            <param index="0">
              <value>
                <![CDATA[chrome]]>
              </value>
            </param>
          </params>
          <reporter-output>
          </reporter-output>
        </test-method> <!-- initialiseBrowser -->
        <test-method status="PASS" signature="managePaymentMethodsAction(java.lang.String,java.lang.String)[pri:0, instance:com.sevenRMartSuperMarketTest.ManagePaymentMethodsTest@37e547da]" name="managePaymentMethodsAction" duration-ms="4519" started-at="2023-04-22T19:32:59 IST" finished-at="2023-04-22T19:33:03 IST">
          <params>
            <param index="0">
              <value>
                <![CDATA[admin]]>
              </value>
            </param>
            <param index="1">
              <value>
                <![CDATA[admin]]>
              </value>
            </param>
          </params>
          <reporter-output>
          </reporter-output>
        </test-method> <!-- managePaymentMethodsAction -->
        <test-method status="PASS" signature="browserQuit(org.testng.ITestResult)[pri:0, instance:com.sevenRMartSuperMarketTest.ManagePaymentMethodsTest@37e547da]" name="browserQuit" is-config="true" duration-ms="1060" started-at="2023-04-22T19:33:03 IST" finished-at="2023-04-22T19:33:04 IST">
          <params>
            <param index="0">
              <value>
                <![CDATA[[TestResult name=managePaymentMethodsAction status=SUCCESS method=ManagePaymentMethodsTest.managePaymentMethodsAction(java.lang.String,java.lang.String)[pri:0, instance:com.sevenRMartSuperMarketTest.ManagePaymentMethodsTest@37e547da] output={null}]]]>
              </value>
            </param>
          </params>
          <reporter-output>
          </reporter-output>
        </test-method> <!-- browserQuit -->
        <test-method status="PASS" signature="initialiseBrowser(java.lang.String)[pri:0, instance:com.sevenRMartSuperMarketTest.ManagePaymentMethodsTest@37e547da]" name="initialiseBrowser" is-config="true" duration-ms="18092" started-at="2023-04-22T19:33:04 IST" finished-at="2023-04-22T19:33:22 IST">
          <params>
            <param index="0">
              <value>
                <![CDATA[chrome]]>
              </value>
            </param>
          </params>
          <reporter-output>
          </reporter-output>
        </test-method> <!-- initialiseBrowser -->
        <test-method status="PASS" signature="managePaymentMethodsType(java.lang.String,java.lang.String)[pri:0, instance:com.sevenRMartSuperMarketTest.ManagePaymentMethodsTest@37e547da]" name="managePaymentMethodsType" duration-ms="7124" started-at="2023-04-22T19:33:22 IST" finished-at="2023-04-22T19:33:30 IST">
          <params>
            <param index="0">
              <value>
                <![CDATA[admin]]>
              </value>
            </param>
            <param index="1">
              <value>
                <![CDATA[admin]]>
              </value>
            </param>
          </params>
          <reporter-output>
          </reporter-output>
        </test-method> <!-- managePaymentMethodsType -->
        <test-method status="PASS" signature="browserQuit(org.testng.ITestResult)[pri:0, instance:com.sevenRMartSuperMarketTest.ManagePaymentMethodsTest@37e547da]" name="browserQuit" is-config="true" duration-ms="1343" started-at="2023-04-22T19:33:30 IST" finished-at="2023-04-22T19:33:31 IST">
          <params>
            <param index="0">
              <value>
                <![CDATA[[TestResult name=managePaymentMethodsType status=SUCCESS method=ManagePaymentMethodsTest.managePaymentMethodsType(java.lang.String,java.lang.String)[pri:0, instance:com.sevenRMartSuperMarketTest.ManagePaymentMethodsTest@37e547da] output={null}]]]>
              </value>
            </param>
          </params>
          <reporter-output>
          </reporter-output>
        </test-method> <!-- browserQuit -->
      </class> <!-- com.sevenRMartSuperMarketTest.ManagePaymentMethodsTest -->
      <class name="com.sevenRMartSuperMarketTest.LoginTest">
        <test-method status="PASS" signature="initialiseBrowser(java.lang.String)[pri:0, instance:com.sevenRMartSuperMarketTest.LoginTest@5db45159]" name="initialiseBrowser" is-config="true" duration-ms="18404" started-at="2023-04-22T19:33:54 IST" finished-at="2023-04-22T19:34:12 IST">
          <params>
            <param index="0">
              <value>
                <![CDATA[chrome]]>
              </value>
            </param>
          </params>
          <reporter-output>
          </reporter-output>
        </test-method> <!-- initialiseBrowser -->
        <test-method status="PASS" signature="loginWithValidCredentials(java.lang.String,java.lang.String)[pri:1, instance:com.sevenRMartSuperMarketTest.LoginTest@5db45159]" name="loginWithValidCredentials" duration-ms="1459" started-at="2023-04-22T19:34:12 IST" finished-at="2023-04-22T19:34:13 IST">
          <params>
            <param index="0">
              <value>
                <![CDATA[admin]]>
              </value>
            </param>
            <param index="1">
              <value>
                <![CDATA[admin]]>
              </value>
            </param>
          </params>
          <reporter-output>
          </reporter-output>
        </test-method> <!-- loginWithValidCredentials -->
        <test-method status="PASS" signature="browserQuit(org.testng.ITestResult)[pri:0, instance:com.sevenRMartSuperMarketTest.LoginTest@5db45159]" name="browserQuit" is-config="true" duration-ms="982" started-at="2023-04-22T19:34:13 IST" finished-at="2023-04-22T19:34:14 IST">
          <params>
            <param index="0">
              <value>
                <![CDATA[[TestResult name=loginWithValidCredentials status=SUCCESS method=LoginTest.loginWithValidCredentials(java.lang.String,java.lang.String)[pri:1, instance:com.sevenRMartSuperMarketTest.LoginTest@5db45159] output={null}]]]>
              </value>
            </param>
          </params>
          <reporter-output>
          </reporter-output>
        </test-method> <!-- browserQuit -->
        <test-method status="PASS" signature="initialiseBrowser(java.lang.String)[pri:0, instance:com.sevenRMartSuperMarketTest.LoginTest@5db45159]" name="initialiseBrowser" is-config="true" duration-ms="18718" started-at="2023-04-22T19:34:14 IST" finished-at="2023-04-22T19:34:33 IST">
          <params>
            <param index="0">
              <value>
                <![CDATA[chrome]]>
              </value>
            </param>
          </params>
          <reporter-output>
          </reporter-output>
        </test-method> <!-- initialiseBrowser -->
        <test-method status="PASS" signature="loginWithInValidCredentials(java.lang.String,java.lang.String)[pri:2, instance:com.sevenRMartSuperMarketTest.LoginTest@5db45159]" name="loginWithInValidCredentials" duration-ms="629" started-at="2023-04-22T19:34:33 IST" data-provider="LoginProvider" finished-at="2023-04-22T19:34:34 IST">
          <params>
            <param index="0">
              <value>
                <![CDATA[admin]]>
              </value>
            </param>
            <param index="1">
              <value>
                <![CDATA[admin123]]>
              </value>
            </param>
          </params>
          <reporter-output>
          </reporter-output>
        </test-method> <!-- loginWithInValidCredentials -->
        <test-method status="PASS" signature="browserQuit(org.testng.ITestResult)[pri:0, instance:com.sevenRMartSuperMarketTest.LoginTest@5db45159]" name="browserQuit" is-config="true" duration-ms="952" started-at="2023-04-22T19:34:34 IST" finished-at="2023-04-22T19:34:35 IST">
          <params>
            <param index="0">
              <value>
                <![CDATA[[TestResult name=loginWithInValidCredentials status=SUCCESS method=LoginTest.loginWithInValidCredentials(java.lang.String,java.lang.String)[pri:2, instance:com.sevenRMartSuperMarketTest.LoginTest@5db45159] output={null}]]]>
              </value>
            </param>
          </params>
          <reporter-output>
          </reporter-output>
        </test-method> <!-- browserQuit -->
        <test-method status="PASS" signature="initialiseBrowser(java.lang.String)[pri:0, instance:com.sevenRMartSuperMarketTest.LoginTest@5db45159]" name="initialiseBrowser" is-config="true" duration-ms="18573" started-at="2023-04-22T19:34:35 IST" finished-at="2023-04-22T19:34:53 IST">
          <params>
            <param index="0">
              <value>
                <![CDATA[chrome]]>
              </value>
            </param>
          </params>
          <reporter-output>
          </reporter-output>
        </test-method> <!-- initialiseBrowser -->
        <test-method status="PASS" signature="loginWithInValidCredentials(java.lang.String,java.lang.String)[pri:2, instance:com.sevenRMartSuperMarketTest.LoginTest@5db45159]" name="loginWithInValidCredentials" duration-ms="941" started-at="2023-04-22T19:34:53 IST" data-provider="LoginProvider" finished-at="2023-04-22T19:34:54 IST">
          <params>
            <param index="0">
              <value>
                <![CDATA[admin1]]>
              </value>
            </param>
            <param index="1">
              <value>
                <![CDATA[admin]]>
              </value>
            </param>
          </params>
          <reporter-output>
          </reporter-output>
        </test-method> <!-- loginWithInValidCredentials -->
        <test-method status="PASS" signature="browserQuit(org.testng.ITestResult)[pri:0, instance:com.sevenRMartSuperMarketTest.LoginTest@5db45159]" name="browserQuit" is-config="true" duration-ms="1525" started-at="2023-04-22T19:34:54 IST" finished-at="2023-04-22T19:34:56 IST">
          <params>
            <param index="0">
              <value>
                <![CDATA[[TestResult name=loginWithInValidCredentials status=SUCCESS method=LoginTest.loginWithInValidCredentials(java.lang.String,java.lang.String)[pri:2, instance:com.sevenRMartSuperMarketTest.LoginTest@5db45159] output={null}]]]>
              </value>
            </param>
          </params>
          <reporter-output>
          </reporter-output>
        </test-method> <!-- browserQuit -->
        <test-method status="PASS" signature="initialiseBrowser(java.lang.String)[pri:0, instance:com.sevenRMartSuperMarketTest.LoginTest@5db45159]" name="initialiseBrowser" is-config="true" duration-ms="18498" started-at="2023-04-22T19:34:56 IST" finished-at="2023-04-22T19:35:14 IST">
          <params>
            <param index="0">
              <value>
                <![CDATA[chrome]]>
              </value>
            </param>
          </params>
          <reporter-output>
          </reporter-output>
        </test-method> <!-- initialiseBrowser -->
        <test-method status="PASS" signature="loginWithInValidCredentials(java.lang.String,java.lang.String)[pri:2, instance:com.sevenRMartSuperMarketTest.LoginTest@5db45159]" name="loginWithInValidCredentials" duration-ms="851" started-at="2023-04-22T19:35:14 IST" data-provider="LoginProvider" finished-at="2023-04-22T19:35:15 IST">
          <params>
            <param index="0">
              <value>
                <![CDATA[Admin]]>
              </value>
            </param>
            <param index="1">
              <value>
                <![CDATA[adminnew]]>
              </value>
            </param>
          </params>
          <reporter-output>
          </reporter-output>
        </test-method> <!-- loginWithInValidCredentials -->
        <test-method status="PASS" signature="browserQuit(org.testng.ITestResult)[pri:0, instance:com.sevenRMartSuperMarketTest.LoginTest@5db45159]" name="browserQuit" is-config="true" duration-ms="978" started-at="2023-04-22T19:35:15 IST" finished-at="2023-04-22T19:35:16 IST">
          <params>
            <param index="0">
              <value>
                <![CDATA[[TestResult name=loginWithInValidCredentials status=SUCCESS method=LoginTest.loginWithInValidCredentials(java.lang.String,java.lang.String)[pri:2, instance:com.sevenRMartSuperMarketTest.LoginTest@5db45159] output={null}]]]>
              </value>
            </param>
          </params>
          <reporter-output>
          </reporter-output>
        </test-method> <!-- browserQuit -->
      </class> <!-- com.sevenRMartSuperMarketTest.LoginTest -->
      <class name="com.sevenRMartSuperMarketTest.ManageUsersTest">
        <test-method status="PASS" signature="initialiseBrowser(java.lang.String)[pri:0, instance:com.sevenRMartSuperMarketTest.ManageUsersTest@3e3047e6]" name="initialiseBrowser" is-config="true" duration-ms="17749" started-at="2023-04-22T19:31:40 IST" finished-at="2023-04-22T19:31:58 IST">
          <params>
            <param index="0">
              <value>
                <![CDATA[chrome]]>
              </value>
            </param>
          </params>
          <reporter-output>
          </reporter-output>
        </test-method> <!-- initialiseBrowser -->
        <test-method status="PASS" signature="manageUsersResetButtonBorderColor()[pri:0, instance:com.sevenRMartSuperMarketTest.ManageUsersTest@3e3047e6]" name="manageUsersResetButtonBorderColor" duration-ms="1525" started-at="2023-04-22T19:31:58 IST" finished-at="2023-04-22T19:32:00 IST">
          <reporter-output>
          </reporter-output>
        </test-method> <!-- manageUsersResetButtonBorderColor -->
        <test-method status="PASS" signature="browserQuit(org.testng.ITestResult)[pri:0, instance:com.sevenRMartSuperMarketTest.ManageUsersTest@3e3047e6]" name="browserQuit" is-config="true" duration-ms="833" started-at="2023-04-22T19:32:00 IST" finished-at="2023-04-22T19:32:01 IST">
          <params>
            <param index="0">
              <value>
                <![CDATA[[TestResult name=manageUsersResetButtonBorderColor status=SUCCESS method=ManageUsersTest.manageUsersResetButtonBorderColor()[pri:0, instance:com.sevenRMartSuperMarketTest.ManageUsersTest@3e3047e6] output={null}]]]>
              </value>
            </param>
          </params>
          <reporter-output>
          </reporter-output>
        </test-method> <!-- browserQuit -->
        <test-method status="PASS" signature="initialiseBrowser(java.lang.String)[pri:0, instance:com.sevenRMartSuperMarketTest.ManageUsersTest@3e3047e6]" name="initialiseBrowser" is-config="true" duration-ms="18985" started-at="2023-04-22T19:32:01 IST" finished-at="2023-04-22T19:32:20 IST">
          <params>
            <param index="0">
              <value>
                <![CDATA[chrome]]>
              </value>
            </param>
          </params>
          <reporter-output>
          </reporter-output>
        </test-method> <!-- initialiseBrowser -->
        <test-method status="PASS" signature="manageUsersSearchButtonBackGround()[pri:0, instance:com.sevenRMartSuperMarketTest.ManageUsersTest@3e3047e6]" name="manageUsersSearchButtonBackGround" duration-ms="2451" started-at="2023-04-22T19:32:20 IST" finished-at="2023-04-22T19:32:22 IST">
          <reporter-output>
          </reporter-output>
        </test-method> <!-- manageUsersSearchButtonBackGround -->
        <test-method status="PASS" signature="browserQuit(org.testng.ITestResult)[pri:0, instance:com.sevenRMartSuperMarketTest.ManageUsersTest@3e3047e6]" name="browserQuit" is-config="true" duration-ms="1139" started-at="2023-04-22T19:32:22 IST" finished-at="2023-04-22T19:32:23 IST">
          <params>
            <param index="0">
              <value>
                <![CDATA[[TestResult name=manageUsersSearchButtonBackGround status=SUCCESS method=ManageUsersTest.manageUsersSearchButtonBackGround()[pri:0, instance:com.sevenRMartSuperMarketTest.ManageUsersTest@3e3047e6] output={null}]]]>
              </value>
            </param>
          </params>
          <reporter-output>
          </reporter-output>
        </test-method> <!-- browserQuit -->
        <test-method status="FAIL" signature="initialiseBrowser(java.lang.String)[pri:0, instance:com.sevenRMartSuperMarketTest.ManageUsersTest@3e3047e6]" name="initialiseBrowser" is-config="true" duration-ms="13090" started-at="2023-04-22T19:32:23 IST" finished-at="2023-04-22T19:32:36 IST">
          <params>
            <param index="0">
              <value>
                <![CDATA[chrome]]>
              </value>
            </param>
          </params>
          <exception class="org.openqa.selenium.WebDriverException">
            <message>
              <![CDATA[disconnected: Unable to receive message from renderer
  (failed to check if window was closed: disconnected: not connected to DevTools)
  (Session info: chrome=112.0.5615.138)
Build info: version: '4.8.3', revision: 'e5e76298c3'
System info: os.name: 'Windows 10', os.arch: 'amd64', os.version: '10.0', java.version: '1.8.0_202'
Driver info: org.openqa.selenium.chrome.ChromeDriver
Command: [e330c2e07a8308f4a1a5b5646f2bfce4, get {url=https://groceryapp.uniqassosiates.com/admin}]
Capabilities {acceptInsecureCerts: false, browserName: chrome, browserVersion: 112.0.5615.138, chrome: {chromedriverVersion: 112.0.5615.49 (bd2a7bcb881c..., userDataDir: C:\Users\SHALU\AppData\Loca...}, goog:chromeOptions: {debuggerAddress: localhost:61446}, networkConnectionEnabled: false, pageLoadStrategy: normal, platformName: WINDOWS, proxy: Proxy(), se:cdp: ws://localhost:61446/devtoo..., se:cdpVersion: 112.0.5615.138, setWindowRect: true, strictFileInteractability: false, timeouts: {implicit: 0, pageLoad: 300000, script: 30000}, unhandledPromptBehavior: dismiss and notify, webauthn:extension:credBlob: true, webauthn:extension:largeBlob: true, webauthn:extension:minPinLength: true, webauthn:extension:prf: true, webauthn:virtualAuthenticators: true}
Session ID: e330c2e07a8308f4a1a5b5646f2bfce4]]>
            </message>
            <full-stacktrace>
              <![CDATA[org.openqa.selenium.WebDriverException: disconnected: Unable to receive message from renderer
  (failed to check if window was closed: disconnected: not connected to DevTools)
  (Session info: chrome=112.0.5615.138)
Build info: version: '4.8.3', revision: 'e5e76298c3'
System info: os.name: 'Windows 10', os.arch: 'amd64', os.version: '10.0', java.version: '1.8.0_202'
Driver info: org.openqa.selenium.chrome.ChromeDriver
Command: [e330c2e07a8308f4a1a5b5646f2bfce4, get {url=https://groceryapp.uniqassosiates.com/admin}]
Capabilities {acceptInsecureCerts: false, browserName: chrome, browserVersion: 112.0.5615.138, chrome: {chromedriverVersion: 112.0.5615.49 (bd2a7bcb881c..., userDataDir: C:\Users\SHALU\AppData\Loca...}, goog:chromeOptions: {debuggerAddress: localhost:61446}, networkConnectionEnabled: false, pageLoadStrategy: normal, platformName: WINDOWS, proxy: Proxy(), se:cdp: ws://localhost:61446/devtoo..., se:cdpVersion: 112.0.5615.138, setWindowRect: true, strictFileInteractability: false, timeouts: {implicit: 0, pageLoad: 300000, script: 30000}, unhandledPromptBehavior: dismiss and notify, webauthn:extension:credBlob: true, webauthn:extension:largeBlob: true, webauthn:extension:minPinLength: true, webauthn:extension:prf: true, webauthn:virtualAuthenticators: true}
Session ID: e330c2e07a8308f4a1a5b5646f2bfce4
at sun.reflect.NativeConstructorAccessorImpl.newInstance0(Native Method)
at sun.reflect.NativeConstructorAccessorImpl.newInstance(NativeConstructorAccessorImpl.java:62)
at sun.reflect.DelegatingConstructorAccessorImpl.newInstance(DelegatingConstructorAccessorImpl.java:45)
at java.lang.reflect.Constructor.newInstance(Constructor.java:423)
at org.openqa.selenium.remote.codec.w3c.W3CHttpResponseCodec.createException(W3CHttpResponseCodec.java:200)
at org.openqa.selenium.remote.codec.w3c.W3CHttpResponseCodec.decode(W3CHttpResponseCodec.java:133)
at org.openqa.selenium.remote.codec.w3c.W3CHttpResponseCodec.decode(W3CHttpResponseCodec.java:53)
at org.openqa.selenium.remote.HttpCommandExecutor.execute(HttpCommandExecutor.java:193)
at org.openqa.selenium.remote.service.DriverCommandExecutor.invokeExecute(DriverCommandExecutor.java:183)
at org.openqa.selenium.remote.service.DriverCommandExecutor.execute(DriverCommandExecutor.java:158)
at org.openqa.selenium.remote.RemoteWebDriver.execute(RemoteWebDriver.java:543)
at org.openqa.selenium.remote.RemoteWebDriver.get(RemoteWebDriver.java:297)
at com.sevenRMartSuperMarketTest.Base.initialiseBrowser(Base.java:93)
at sun.reflect.NativeMethodAccessorImpl.invoke0(Native Method)
at sun.reflect.NativeMethodAccessorImpl.invoke(NativeMethodAccessorImpl.java:62)
at sun.reflect.DelegatingMethodAccessorImpl.invoke(DelegatingMethodAccessorImpl.java:43)
at java.lang.reflect.Method.invoke(Method.java:498)
at org.testng.internal.invokers.MethodInvocationHelper.invokeMethod(MethodInvocationHelper.java:135)
at org.testng.internal.invokers.MethodInvocationHelper.invokeMethodConsideringTimeout(MethodInvocationHelper.java:65)
at org.testng.internal.invokers.ConfigInvoker.invokeConfigurationMethod(ConfigInvoker.java:381)
at org.testng.internal.invokers.ConfigInvoker.invokeConfigurations(ConfigInvoker.java:319)
at org.testng.internal.invokers.TestInvoker.runConfigMethods(TestInvoker.java:803)
at org.testng.internal.invokers.TestInvoker.invokeMethod(TestInvoker.java:589)
at org.testng.internal.invokers.TestInvoker.invokeTestMethod(TestInvoker.java:220)
at org.testng.internal.invokers.MethodRunner.runInSequence(MethodRunner.java:50)
at org.testng.internal.invokers.TestInvoker$MethodInvocationAgent.invoke(TestInvoker.java:945)
at org.testng.internal.invokers.TestInvoker.invokeTestMethods(TestInvoker.java:193)
at org.testng.internal.invokers.TestMethodWorker.invokeTestMethods(TestMethodWorker.java:146)
at org.testng.internal.invokers.TestMethodWorker.run(TestMethodWorker.java:128)
at java.util.ArrayList.forEach(ArrayList.java:1257)
at org.testng.TestRunner.privateRun(TestRunner.java:808)
at org.testng.TestRunner.run(TestRunner.java:603)
at org.testng.SuiteRunner.runTest(SuiteRunner.java:429)
at org.testng.SuiteRunner.runSequentially(SuiteRunner.java:423)
at org.testng.SuiteRunner.privateRun(SuiteRunner.java:383)
at org.testng.SuiteRunner.run(SuiteRunner.java:326)
at org.testng.SuiteRunnerWorker.runSuite(SuiteRunnerWorker.java:52)
at org.testng.SuiteRunnerWorker.run(SuiteRunnerWorker.java:95)
at org.testng.TestNG.runSuitesSequentially(TestNG.java:1249)
at org.testng.TestNG.runSuitesLocally(TestNG.java:1169)
at org.testng.TestNG.runSuites(TestNG.java:1092)
at org.testng.TestNG.run(TestNG.java:1060)
at org.apache.maven.surefire.testng.TestNGExecutor.run(TestNGExecutor.java:284)
at org.apache.maven.surefire.testng.TestNGXmlTestSuite.execute(TestNGXmlTestSuite.java:75)
at org.apache.maven.surefire.testng.TestNGProvider.invoke(TestNGProvider.java:119)
at org.apache.maven.surefire.booter.ForkedBooter.runSuitesInProcess(ForkedBooter.java:428)
at org.apache.maven.surefire.booter.ForkedBooter.execute(ForkedBooter.java:162)
at org.apache.maven.surefire.booter.ForkedBooter.run(ForkedBooter.java:562)
at org.apache.maven.surefire.booter.ForkedBooter.main(ForkedBooter.java:548)
]]>
            </full-stacktrace>
          </exception> <!-- org.openqa.selenium.WebDriverException -->
          <reporter-output>
          </reporter-output>
        </test-method> <!-- initialiseBrowser -->
        <test-method status="SKIP" signature="searchUsersInManageUsers()[pri:0, instance:com.sevenRMartSuperMarketTest.ManageUsersTest@3e3047e6]" name="searchUsersInManageUsers" duration-ms="0" started-at="2023-04-22T19:32:36 IST" finished-at="2023-04-22T19:32:36 IST">
          <exception class="org.openqa.selenium.WebDriverException">
            <message>
              <![CDATA[disconnected: Unable to receive message from renderer
  (failed to check if window was closed: disconnected: not connected to DevTools)
  (Session info: chrome=112.0.5615.138)
Build info: version: '4.8.3', revision: 'e5e76298c3'
System info: os.name: 'Windows 10', os.arch: 'amd64', os.version: '10.0', java.version: '1.8.0_202'
Driver info: org.openqa.selenium.chrome.ChromeDriver
Command: [e330c2e07a8308f4a1a5b5646f2bfce4, get {url=https://groceryapp.uniqassosiates.com/admin}]
Capabilities {acceptInsecureCerts: false, browserName: chrome, browserVersion: 112.0.5615.138, chrome: {chromedriverVersion: 112.0.5615.49 (bd2a7bcb881c..., userDataDir: C:\Users\SHALU\AppData\Loca...}, goog:chromeOptions: {debuggerAddress: localhost:61446}, networkConnectionEnabled: false, pageLoadStrategy: normal, platformName: WINDOWS, proxy: Proxy(), se:cdp: ws://localhost:61446/devtoo..., se:cdpVersion: 112.0.5615.138, setWindowRect: true, strictFileInteractability: false, timeouts: {implicit: 0, pageLoad: 300000, script: 30000}, unhandledPromptBehavior: dismiss and notify, webauthn:extension:credBlob: true, webauthn:extension:largeBlob: true, webauthn:extension:minPinLength: true, webauthn:extension:prf: true, webauthn:virtualAuthenticators: true}
Session ID: e330c2e07a8308f4a1a5b5646f2bfce4]]>
            </message>
            <full-stacktrace>
              <![CDATA[org.openqa.selenium.WebDriverException: disconnected: Unable to receive message from renderer
  (failed to check if window was closed: disconnected: not connected to DevTools)
  (Session info: chrome=112.0.5615.138)
Build info: version: '4.8.3', revision: 'e5e76298c3'
System info: os.name: 'Windows 10', os.arch: 'amd64', os.version: '10.0', java.version: '1.8.0_202'
Driver info: org.openqa.selenium.chrome.ChromeDriver
Command: [e330c2e07a8308f4a1a5b5646f2bfce4, get {url=https://groceryapp.uniqassosiates.com/admin}]
Capabilities {acceptInsecureCerts: false, browserName: chrome, browserVersion: 112.0.5615.138, chrome: {chromedriverVersion: 112.0.5615.49 (bd2a7bcb881c..., userDataDir: C:\Users\SHALU\AppData\Loca...}, goog:chromeOptions: {debuggerAddress: localhost:61446}, networkConnectionEnabled: false, pageLoadStrategy: normal, platformName: WINDOWS, proxy: Proxy(), se:cdp: ws://localhost:61446/devtoo..., se:cdpVersion: 112.0.5615.138, setWindowRect: true, strictFileInteractability: false, timeouts: {implicit: 0, pageLoad: 300000, script: 30000}, unhandledPromptBehavior: dismiss and notify, webauthn:extension:credBlob: true, webauthn:extension:largeBlob: true, webauthn:extension:minPinLength: true, webauthn:extension:prf: true, webauthn:virtualAuthenticators: true}
Session ID: e330c2e07a8308f4a1a5b5646f2bfce4
at sun.reflect.NativeConstructorAccessorImpl.newInstance0(Native Method)
at sun.reflect.NativeConstructorAccessorImpl.newInstance(NativeConstructorAccessorImpl.java:62)
at sun.reflect.DelegatingConstructorAccessorImpl.newInstance(DelegatingConstructorAccessorImpl.java:45)
at java.lang.reflect.Constructor.newInstance(Constructor.java:423)
at org.openqa.selenium.remote.codec.w3c.W3CHttpResponseCodec.createException(W3CHttpResponseCodec.java:200)
at org.openqa.selenium.remote.codec.w3c.W3CHttpResponseCodec.decode(W3CHttpResponseCodec.java:133)
at org.openqa.selenium.remote.codec.w3c.W3CHttpResponseCodec.decode(W3CHttpResponseCodec.java:53)
at org.openqa.selenium.remote.HttpCommandExecutor.execute(HttpCommandExecutor.java:193)
at org.openqa.selenium.remote.service.DriverCommandExecutor.invokeExecute(DriverCommandExecutor.java:183)
at org.openqa.selenium.remote.service.DriverCommandExecutor.execute(DriverCommandExecutor.java:158)
at org.openqa.selenium.remote.RemoteWebDriver.execute(RemoteWebDriver.java:543)
at org.openqa.selenium.remote.RemoteWebDriver.get(RemoteWebDriver.java:297)
at com.sevenRMartSuperMarketTest.Base.initialiseBrowser(Base.java:93)
at sun.reflect.NativeMethodAccessorImpl.invoke0(Native Method)
at sun.reflect.NativeMethodAccessorImpl.invoke(NativeMethodAccessorImpl.java:62)
at sun.reflect.DelegatingMethodAccessorImpl.invoke(DelegatingMethodAccessorImpl.java:43)
at java.lang.reflect.Method.invoke(Method.java:498)
at org.testng.internal.invokers.MethodInvocationHelper.invokeMethod(MethodInvocationHelper.java:135)
at org.testng.internal.invokers.MethodInvocationHelper.invokeMethodConsideringTimeout(MethodInvocationHelper.java:65)
at org.testng.internal.invokers.ConfigInvoker.invokeConfigurationMethod(ConfigInvoker.java:381)
at org.testng.internal.invokers.ConfigInvoker.invokeConfigurations(ConfigInvoker.java:319)
at org.testng.internal.invokers.TestInvoker.runConfigMethods(TestInvoker.java:803)
at org.testng.internal.invokers.TestInvoker.invokeMethod(TestInvoker.java:589)
at org.testng.internal.invokers.TestInvoker.invokeTestMethod(TestInvoker.java:220)
at org.testng.internal.invokers.MethodRunner.runInSequence(MethodRunner.java:50)
at org.testng.internal.invokers.TestInvoker$MethodInvocationAgent.invoke(TestInvoker.java:945)
at org.testng.internal.invokers.TestInvoker.invokeTestMethods(TestInvoker.java:193)
at org.testng.internal.invokers.TestMethodWorker.invokeTestMethods(TestMethodWorker.java:146)
at org.testng.internal.invokers.TestMethodWorker.run(TestMethodWorker.java:128)
at java.util.ArrayList.forEach(ArrayList.java:1257)
at org.testng.TestRunner.privateRun(TestRunner.java:808)
at org.testng.TestRunner.run(TestRunner.java:603)
at org.testng.SuiteRunner.runTest(SuiteRunner.java:429)
at org.testng.SuiteRunner.runSequentially(SuiteRunner.java:423)
at org.testng.SuiteRunner.privateRun(SuiteRunner.java:383)
at org.testng.SuiteRunner.run(SuiteRunner.java:326)
at org.testng.SuiteRunnerWorker.runSuite(SuiteRunnerWorker.java:52)
at org.testng.SuiteRunnerWorker.run(SuiteRunnerWorker.java:95)
at org.testng.TestNG.runSuitesSequentially(TestNG.java:1249)
at org.testng.TestNG.runSuitesLocally(TestNG.java:1169)
at org.testng.TestNG.runSuites(TestNG.java:1092)
at org.testng.TestNG.run(TestNG.java:1060)
at org.apache.maven.surefire.testng.TestNGExecutor.run(TestNGExecutor.java:284)
at org.apache.maven.surefire.testng.TestNGXmlTestSuite.execute(TestNGXmlTestSuite.java:75)
at org.apache.maven.surefire.testng.TestNGProvider.invoke(TestNGProvider.java:119)
at org.apache.maven.surefire.booter.ForkedBooter.runSuitesInProcess(ForkedBooter.java:428)
at org.apache.maven.surefire.booter.ForkedBooter.execute(ForkedBooter.java:162)
at org.apache.maven.surefire.booter.ForkedBooter.run(ForkedBooter.java:562)
at org.apache.maven.surefire.booter.ForkedBooter.main(ForkedBooter.java:548)
]]>
            </full-stacktrace>
          </exception> <!-- org.openqa.selenium.WebDriverException -->
          <reporter-output>
          </reporter-output>
        </test-method> <!-- searchUsersInManageUsers -->
        <test-method status="PASS" signature="browserQuit(org.testng.ITestResult)[pri:0, instance:com.sevenRMartSuperMarketTest.ManageUsersTest@3e3047e6]" name="browserQuit" is-config="true" duration-ms="2933" started-at="2023-04-22T19:32:36 IST" finished-at="2023-04-22T19:32:39 IST">
          <params>
            <param index="0">
              <value>
                <![CDATA[[TestResult name={null} status=CREATED method=ManageUsersTest.searchUsersInManageUsers()[pri:0, instance:com.sevenRMartSuperMarketTest.ManageUsersTest@3e3047e6] output={null}]]]>
              </value>
            </param>
          </params>
          <reporter-output>
          </reporter-output>
        </test-method> <!-- browserQuit -->
      </class> <!-- com.sevenRMartSuperMarketTest.ManageUsersTest -->
      <class name="com.sevenRMartSuperMarketTest.SiteNameTest">
        <test-method status="PASS" signature="initialiseBrowser(java.lang.String)[pri:0, instance:com.sevenRMartSuperMarketTest.SiteNameTest@2b6856dd]" name="initialiseBrowser" is-config="true" duration-ms="19192" started-at="2023-04-22T19:33:31 IST" finished-at="2023-04-22T19:33:50 IST">
          <params>
            <param index="0">
              <value>
                <![CDATA[chrome]]>
              </value>
            </param>
          </params>
          <reporter-output>
          </reporter-output>
        </test-method> <!-- initialiseBrowser -->
        <test-method status="PASS" signature="siteName(java.lang.String,java.lang.String)[pri:0, instance:com.sevenRMartSuperMarketTest.SiteNameTest@2b6856dd]" name="siteName" duration-ms="1274" started-at="2023-04-22T19:33:50 IST" finished-at="2023-04-22T19:33:51 IST">
          <params>
            <param index="0">
              <value>
                <![CDATA[admin]]>
              </value>
            </param>
            <param index="1">
              <value>
                <![CDATA[admin]]>
              </value>
            </param>
          </params>
          <reporter-output>
          </reporter-output>
        </test-method> <!-- siteName -->
        <test-method status="PASS" signature="browserQuit(org.testng.ITestResult)[pri:0, instance:com.sevenRMartSuperMarketTest.SiteNameTest@2b6856dd]" name="browserQuit" is-config="true" duration-ms="2159" started-at="2023-04-22T19:33:51 IST" finished-at="2023-04-22T19:33:54 IST">
          <params>
            <param index="0">
              <value>
                <![CDATA[[TestResult name=siteName status=SUCCESS method=SiteNameTest.siteName(java.lang.String,java.lang.String)[pri:0, instance:com.sevenRMartSuperMarketTest.SiteNameTest@2b6856dd] output={null}]]]>
              </value>
            </param>
          </params>
          <reporter-output>
          </reporter-output>
        </test-method> <!-- browserQuit -->
      </class> <!-- com.sevenRMartSuperMarketTest.SiteNameTest -->
      <class name="com.sevenRMartSuperMarketTest.ManageOfferCodeTest">
        <test-method status="PASS" signature="initialiseBrowser(java.lang.String)[pri:0, instance:com.sevenRMartSuperMarketTest.ManageOfferCodeTest@7c417213]" name="initialiseBrowser" is-config="true" duration-ms="18815" started-at="2023-04-22T19:35:38 IST" finished-at="2023-04-22T19:35:57 IST">
          <params>
            <param index="0">
              <value>
                <![CDATA[chrome]]>
              </value>
            </param>
          </params>
          <reporter-output>
          </reporter-output>
        </test-method> <!-- initialiseBrowser -->
        <test-method status="PASS" signature="manageoffercode(java.lang.String,java.lang.String)[pri:0, instance:com.sevenRMartSuperMarketTest.ManageOfferCodeTest@7c417213]" name="manageoffercode" duration-ms="1896" started-at="2023-04-22T19:35:57 IST" finished-at="2023-04-22T19:35:59 IST">
          <params>
            <param index="0">
              <value>
                <![CDATA[admin]]>
              </value>
            </param>
            <param index="1">
              <value>
                <![CDATA[admin]]>
              </value>
            </param>
          </params>
          <reporter-output>
          </reporter-output>
        </test-method> <!-- manageoffercode -->
        <test-method status="PASS" signature="browserQuit(org.testng.ITestResult)[pri:0, instance:com.sevenRMartSuperMarketTest.ManageOfferCodeTest@7c417213]" name="browserQuit" is-config="true" duration-ms="1215" started-at="2023-04-22T19:35:59 IST" finished-at="2023-04-22T19:36:00 IST">
          <params>
            <param index="0">
              <value>
                <![CDATA[[TestResult name=manageoffercode status=SUCCESS method=ManageOfferCodeTest.manageoffercode(java.lang.String,java.lang.String)[pri:0, instance:com.sevenRMartSuperMarketTest.ManageOfferCodeTest@7c417213] output={null}]]]>
              </value>
            </param>
          </params>
          <reporter-output>
          </reporter-output>
        </test-method> <!-- browserQuit -->
      </class> <!-- com.sevenRMartSuperMarketTest.ManageOfferCodeTest -->
    </test> <!-- Test -->
  </suite> <!-- Suite -->
</testng-results>
