<?xml version="1.0" encoding="UTF-8"?>
<testng-results ignored="0" total="3" passed="3" failed="0" skipped="0">
  <reporter-output>
  </reporter-output>
  <suite started-at="2023-04-20T16:02:10 IST" name="Suite" finished-at="2023-04-20T16:02:27 IST" duration-ms="16918">
    <groups>
    </groups>
    <test started-at="2023-04-20T16:02:10 IST" name="Test" finished-at="2023-04-20T16:02:27 IST" duration-ms="16918">
      <class name="com.sevenRMartSuperMarketTest.ManageUsersTest">
        <test-method is-config="true" signature="initialiseBrowser(java.lang.String)[pri:0, instance:com.sevenRMartSuperMarketTest.ManageUsersTest@1f81aa00]" started-at="2023-04-20T16:02:10 IST" name="initialiseBrowser" finished-at="2023-04-20T16:02:14 IST" duration-ms="4176" status="PASS">
          <params>
            <param index="0">
              <value>
                <![CDATA[chrome]]>
              </value>
            </param>
          </params>
          <reporter-output>
          </reporter-output>
        </test-method> <!-- initialiseBrowser -->
        <test-method signature="manageUsersResetButtonBorderColor()[pri:0, instance:com.sevenRMartSuperMarketTest.ManageUsersTest@1f81aa00]" started-at="2023-04-20T16:02:14 IST" name="manageUsersResetButtonBorderColor" finished-at="2023-04-20T16:02:17 IST" duration-ms="2790" status="PASS">
          <reporter-output>
          </reporter-output>
        </test-method> <!-- manageUsersResetButtonBorderColor -->
        <test-method is-config="true" signature="browserQuit(org.testng.ITestResult)[pri:0, instance:com.sevenRMartSuperMarketTest.ManageUsersTest@1f81aa00]" started-at="2023-04-20T16:02:17 IST" name="browserQuit" finished-at="2023-04-20T16:02:17 IST" duration-ms="242" status="PASS">
          <params>
            <param index="0">
              <value>
                <![CDATA[[TestResult name=manageUsersResetButtonBorderColor status=SUCCESS method=ManageUsersTest.manageUsersResetButtonBorderColor()[pri:0, instance:com.sevenRMartSuperMarketTest.ManageUsersTest@1f81aa00] output={null}]]]>
              </value>
            </param>
          </params>
          <reporter-output>
          </reporter-output>
        </test-method> <!-- browserQuit -->
        <test-method is-config="true" signature="initialiseBrowser(java.lang.String)[pri:0, instance:com.sevenRMartSuperMarketTest.ManageUsersTest@1f81aa00]" started-at="2023-04-20T16:02:17 IST" name="initialiseBrowser" finished-at="2023-04-20T16:02:20 IST" duration-ms="3180" status="PASS">
          <params>
            <param index="0">
              <value>
                <![CDATA[chrome]]>
              </value>
            </param>
          </params>
          <reporter-output>
          </reporter-output>
        </test-method> <!-- initialiseBrowser -->
        <test-method signature="manageUsersSearchButtonBackGround()[pri:0, instance:com.sevenRMartSuperMarketTest.ManageUsersTest@1f81aa00]" started-at="2023-04-20T16:02:20 IST" name="manageUsersSearchButtonBackGround" finished-at="2023-04-20T16:02:22 IST" duration-ms="1331" status="PASS">
          <reporter-output>
          </reporter-output>
        </test-method> <!-- manageUsersSearchButtonBackGround -->
        <test-method is-config="true" signature="browserQuit(org.testng.ITestResult)[pri:0, instance:com.sevenRMartSuperMarketTest.ManageUsersTest@1f81aa00]" started-at="2023-04-20T16:02:22 IST" name="browserQuit" finished-at="2023-04-20T16:02:22 IST" duration-ms="235" status="PASS">
          <params>
            <param index="0">
              <value>
                <![CDATA[[TestResult name=manageUsersSearchButtonBackGround status=SUCCESS method=ManageUsersTest.manageUsersSearchButtonBackGround()[pri:0, instance:com.sevenRMartSuperMarketTest.ManageUsersTest@1f81aa00] output={null}]]]>
              </value>
            </param>
          </params>
          <reporter-output>
          </reporter-output>
        </test-method> <!-- browserQuit -->
        <test-method is-config="true" signature="initialiseBrowser(java.lang.String)[pri:0, instance:com.sevenRMartSuperMarketTest.ManageUsersTest@1f81aa00]" started-at="2023-04-20T16:02:22 IST" name="initialiseBrowser" finished-at="2023-04-20T16:02:25 IST" duration-ms="2908" status="PASS">
          <params>
            <param index="0">
              <value>
                <![CDATA[chrome]]>
              </value>
            </param>
          </params>
          <reporter-output>
          </reporter-output>
        </test-method> <!-- initialiseBrowser -->
        <test-method signature="searchUsersInManageUsers()[pri:0, instance:com.sevenRMartSuperMarketTest.ManageUsersTest@1f81aa00]" started-at="2023-04-20T16:02:25 IST" name="searchUsersInManageUsers" finished-at="2023-04-20T16:02:27 IST" duration-ms="1717" status="PASS">
          <reporter-output>
          </reporter-output>
        </test-method> <!-- searchUsersInManageUsers -->
        <test-method is-config="true" signature="browserQuit(org.testng.ITestResult)[pri:0, instance:com.sevenRMartSuperMarketTest.ManageUsersTest@1f81aa00]" started-at="2023-04-20T16:02:27 IST" name="browserQuit" finished-at="2023-04-20T16:02:27 IST" duration-ms="306" status="PASS">
          <params>
            <param index="0">
              <value>
                <![CDATA[[TestResult name=searchUsersInManageUsers status=SUCCESS method=ManageUsersTest.searchUsersInManageUsers()[pri:0, instance:com.sevenRMartSuperMarketTest.ManageUsersTest@1f81aa00] output={null}]]]>
              </value>
            </param>
          </params>
          <reporter-output>
          </reporter-output>
        </test-method> <!-- browserQuit -->
      </class> <!-- com.sevenRMartSuperMarketTest.ManageUsersTest -->
    </test> <!-- Test -->
  </suite> <!-- Suite -->
</testng-results>
