<?xml version="1.0" encoding="UTF-8"?>
<testng-results ignored="0" total="15" passed="15" failed="0" skipped="0">
  <reporter-output>
  </reporter-output>
  <suite started-at="2023-04-22T17:34:12 IST" name="Suite" finished-at="2023-04-22T17:37:06 IST" duration-ms="174060">
    <groups>
      <group name="regression">
        <method signature="ManageOfferCodeTest.manageoffercode(java.lang.String,java.lang.String)[pri:0, instance:com.sevenRMartSuperMarketTest.ManageOfferCodeTest@5026735c]" name="manageoffercode" class="com.sevenRMartSuperMarketTest.ManageOfferCodeTest"/>
        <method signature="ManagePaymentMethodsTest.managePaymentMethodsAction(java.lang.String,java.lang.String)[pri:0, instance:com.sevenRMartSuperMarketTest.ManagePaymentMethodsTest@1bae316d]" name="managePaymentMethodsAction" class="com.sevenRMartSuperMarketTest.ManagePaymentMethodsTest"/>
        <method signature="ManagePaymentMethodsTest.managePaymentMethodsType(java.lang.String,java.lang.String)[pri:0, instance:com.sevenRMartSuperMarketTest.ManagePaymentMethodsTest@1bae316d]" name="managePaymentMethodsType" class="com.sevenRMartSuperMarketTest.ManagePaymentMethodsTest"/>
        <method signature="ManageProductsTest.manageProductsAddProductTypeRadioButton(java.lang.String,java.lang.String)[pri:0, instance:com.sevenRMartSuperMarketTest.ManageProductsTest@2609b277]" name="manageProductsAddProductTypeRadioButton" class="com.sevenRMartSuperMarketTest.ManageProductsTest"/>
        <method signature="ManageProductsTest.manageProductsfaker(java.lang.String,java.lang.String)[pri:0, instance:com.sevenRMartSuperMarketTest.ManageProductsTest@2609b277]" name="manageProductsfaker" class="com.sevenRMartSuperMarketTest.ManageProductsTest"/>
      </group> <!-- regression -->
    </groups>
    <test started-at="2023-04-22T17:34:12 IST" name="Test" finished-at="2023-04-22T17:37:06 IST" duration-ms="174060">
      <class name="com.sevenRMartSuperMarketTest.VerifyUsersTest">
        <test-method is-config="true" signature="initialiseBrowser(java.lang.String)[pri:0, instance:com.sevenRMartSuperMarketTest.VerifyUsersTest@147a5d08]" started-at="2023-04-22T17:35:23 IST" name="initialiseBrowser" finished-at="2023-04-22T17:35:29 IST" duration-ms="5303" status="PASS">
          <params>
            <param index="0">
              <value>
                <![CDATA[chrome]]>
              </value>
            </param>
          </params>
          <reporter-output>
          </reporter-output>
        </test-method> <!-- initialiseBrowser -->
        <test-method signature="verifyUsers(java.lang.String,java.lang.String)[pri:0, instance:com.sevenRMartSuperMarketTest.VerifyUsersTest@147a5d08]" started-at="2023-04-22T17:35:29 IST" name="verifyUsers" finished-at="2023-04-22T17:35:33 IST" duration-ms="4218" status="PASS">
          <params>
            <param index="0">
              <value>
                <![CDATA[admin]]>
              </value>
            </param>
            <param index="1">
              <value>
                <![CDATA[admin]]>
              </value>
            </param>
          </params>
          <reporter-output>
          </reporter-output>
        </test-method> <!-- verifyUsers -->
        <test-method is-config="true" signature="browserQuit(org.testng.ITestResult)[pri:0, instance:com.sevenRMartSuperMarketTest.VerifyUsersTest@147a5d08]" started-at="2023-04-22T17:35:33 IST" name="browserQuit" finished-at="2023-04-22T17:35:33 IST" duration-ms="585" status="PASS">
          <params>
            <param index="0">
              <value>
                <![CDATA[[TestResult name=verifyUsers status=SUCCESS method=VerifyUsersTest.verifyUsers(java.lang.String,java.lang.String)[pri:0, instance:com.sevenRMartSuperMarketTest.VerifyUsersTest@147a5d08] output={null}]]]>
              </value>
            </param>
          </params>
          <reporter-output>
          </reporter-output>
        </test-method> <!-- browserQuit -->
      </class> <!-- com.sevenRMartSuperMarketTest.VerifyUsersTest -->
      <class name="com.sevenRMartSuperMarketTest.PushNotificationsTest">
        <test-method is-config="true" signature="initialiseBrowser(java.lang.String)[pri:0, instance:com.sevenRMartSuperMarketTest.PushNotificationsTest@1672fe87]" started-at="2023-04-22T17:36:36 IST" name="initialiseBrowser" finished-at="2023-04-22T17:36:45 IST" duration-ms="9248" status="PASS">
          <params>
            <param index="0">
              <value>
                <![CDATA[chrome]]>
              </value>
            </param>
          </params>
          <reporter-output>
          </reporter-output>
        </test-method> <!-- initialiseBrowser -->
        <test-method signature="pushNotifications(java.lang.String,java.lang.String)[pri:0, instance:com.sevenRMartSuperMarketTest.PushNotificationsTest@1672fe87]" started-at="2023-04-22T17:36:45 IST" name="pushNotifications" finished-at="2023-04-22T17:36:54 IST" duration-ms="8979" status="PASS">
          <params>
            <param index="0">
              <value>
                <![CDATA[admin]]>
              </value>
            </param>
            <param index="1">
              <value>
                <![CDATA[admin]]>
              </value>
            </param>
          </params>
          <reporter-output>
          </reporter-output>
        </test-method> <!-- pushNotifications -->
        <test-method is-config="true" signature="browserQuit(org.testng.ITestResult)[pri:0, instance:com.sevenRMartSuperMarketTest.PushNotificationsTest@1672fe87]" started-at="2023-04-22T17:36:54 IST" name="browserQuit" finished-at="2023-04-22T17:36:54 IST" duration-ms="589" status="PASS">
          <params>
            <param index="0">
              <value>
                <![CDATA[[TestResult name=pushNotifications status=SUCCESS method=PushNotificationsTest.pushNotifications(java.lang.String,java.lang.String)[pri:0, instance:com.sevenRMartSuperMarketTest.PushNotificationsTest@1672fe87] output={null}]]]>
              </value>
            </param>
          </params>
          <reporter-output>
          </reporter-output>
        </test-method> <!-- browserQuit -->
      </class> <!-- com.sevenRMartSuperMarketTest.PushNotificationsTest -->
      <class name="com.sevenRMartSuperMarketTest.ManageProductsTest">
        <test-method is-config="true" signature="initialiseBrowser(java.lang.String)[pri:0, instance:com.sevenRMartSuperMarketTest.ManageProductsTest@2609b277]" started-at="2023-04-22T17:34:12 IST" name="initialiseBrowser" finished-at="2023-04-22T17:34:16 IST" duration-ms="4532" status="PASS">
          <params>
            <param index="0">
              <value>
                <![CDATA[chrome]]>
              </value>
            </param>
          </params>
          <reporter-output>
          </reporter-output>
        </test-method> <!-- initialiseBrowser -->
        <test-method signature="manageProductsAddProductTypeRadioButton(java.lang.String,java.lang.String)[pri:0, instance:com.sevenRMartSuperMarketTest.ManageProductsTest@2609b277]" started-at="2023-04-22T17:34:16 IST" name="manageProductsAddProductTypeRadioButton" finished-at="2023-04-22T17:34:20 IST" duration-ms="4360" status="PASS">
          <params>
            <param index="0">
              <value>
                <![CDATA[admin]]>
              </value>
            </param>
            <param index="1">
              <value>
                <![CDATA[admin]]>
              </value>
            </param>
          </params>
          <reporter-output>
          </reporter-output>
        </test-method> <!-- manageProductsAddProductTypeRadioButton -->
        <test-method is-config="true" signature="browserQuit(org.testng.ITestResult)[pri:0, instance:com.sevenRMartSuperMarketTest.ManageProductsTest@2609b277]" started-at="2023-04-22T17:34:21 IST" name="browserQuit" finished-at="2023-04-22T17:34:21 IST" duration-ms="368" status="PASS">
          <params>
            <param index="0">
              <value>
                <![CDATA[[TestResult name=manageProductsAddProductTypeRadioButton status=SUCCESS method=ManageProductsTest.manageProductsAddProductTypeRadioButton(java.lang.String,java.lang.String)[pri:0, instance:com.sevenRMartSuperMarketTest.ManageProductsTest@2609b277] output={null}]]]>
              </value>
            </param>
          </params>
          <reporter-output>
          </reporter-output>
        </test-method> <!-- browserQuit -->
        <test-method is-config="true" signature="initialiseBrowser(java.lang.String)[pri:0, instance:com.sevenRMartSuperMarketTest.ManageProductsTest@2609b277]" started-at="2023-04-22T17:34:21 IST" name="initialiseBrowser" finished-at="2023-04-22T17:34:25 IST" duration-ms="3561" status="PASS">
          <params>
            <param index="0">
              <value>
                <![CDATA[chrome]]>
              </value>
            </param>
          </params>
          <reporter-output>
          </reporter-output>
        </test-method> <!-- initialiseBrowser -->
        <test-method signature="manageProductsfaker(java.lang.String,java.lang.String)[pri:0, instance:com.sevenRMartSuperMarketTest.ManageProductsTest@2609b277]" started-at="2023-04-22T17:34:25 IST" name="manageProductsfaker" finished-at="2023-04-22T17:34:29 IST" duration-ms="4566" status="PASS">
          <params>
            <param index="0">
              <value>
                <![CDATA[admin]]>
              </value>
            </param>
            <param index="1">
              <value>
                <![CDATA[admin]]>
              </value>
            </param>
          </params>
          <reporter-output>
          </reporter-output>
        </test-method> <!-- manageProductsfaker -->
        <test-method is-config="true" signature="browserQuit(org.testng.ITestResult)[pri:0, instance:com.sevenRMartSuperMarketTest.ManageProductsTest@2609b277]" started-at="2023-04-22T17:34:29 IST" name="browserQuit" finished-at="2023-04-22T17:34:30 IST" duration-ms="460" status="PASS">
          <params>
            <param index="0">
              <value>
                <![CDATA[[TestResult name=manageProductsfaker status=SUCCESS method=ManageProductsTest.manageProductsfaker(java.lang.String,java.lang.String)[pri:0, instance:com.sevenRMartSuperMarketTest.ManageProductsTest@2609b277] output={null}]]]>
              </value>
            </param>
          </params>
          <reporter-output>
          </reporter-output>
        </test-method> <!-- browserQuit -->
      </class> <!-- com.sevenRMartSuperMarketTest.ManageProductsTest -->
      <class name="com.sevenRMartSuperMarketTest.LoginTest">
        <test-method is-config="true" signature="initialiseBrowser(java.lang.String)[pri:0, instance:com.sevenRMartSuperMarketTest.LoginTest@7cbd9d24]" started-at="2023-04-22T17:35:42 IST" name="initialiseBrowser" finished-at="2023-04-22T17:35:53 IST" duration-ms="10552" status="PASS">
          <params>
            <param index="0">
              <value>
                <![CDATA[chrome]]>
              </value>
            </param>
          </params>
          <reporter-output>
          </reporter-output>
        </test-method> <!-- initialiseBrowser -->
        <test-method signature="loginWithValidCredentials(java.lang.String,java.lang.String)[pri:1, instance:com.sevenRMartSuperMarketTest.LoginTest@7cbd9d24]" started-at="2023-04-22T17:35:53 IST" name="loginWithValidCredentials" finished-at="2023-04-22T17:35:58 IST" duration-ms="4778" status="PASS">
          <params>
            <param index="0">
              <value>
                <![CDATA[admin]]>
              </value>
            </param>
            <param index="1">
              <value>
                <![CDATA[admin]]>
              </value>
            </param>
          </params>
          <reporter-output>
          </reporter-output>
        </test-method> <!-- loginWithValidCredentials -->
        <test-method is-config="true" signature="browserQuit(org.testng.ITestResult)[pri:0, instance:com.sevenRMartSuperMarketTest.LoginTest@7cbd9d24]" started-at="2023-04-22T17:35:58 IST" name="browserQuit" finished-at="2023-04-22T17:35:58 IST" duration-ms="458" status="PASS">
          <params>
            <param index="0">
              <value>
                <![CDATA[[TestResult name=loginWithValidCredentials status=SUCCESS method=LoginTest.loginWithValidCredentials(java.lang.String,java.lang.String)[pri:1, instance:com.sevenRMartSuperMarketTest.LoginTest@7cbd9d24] output={null}]]]>
              </value>
            </param>
          </params>
          <reporter-output>
          </reporter-output>
        </test-method> <!-- browserQuit -->
        <test-method is-config="true" signature="initialiseBrowser(java.lang.String)[pri:0, instance:com.sevenRMartSuperMarketTest.LoginTest@7cbd9d24]" started-at="2023-04-22T17:35:58 IST" name="initialiseBrowser" finished-at="2023-04-22T17:36:09 IST" duration-ms="11040" status="PASS">
          <params>
            <param index="0">
              <value>
                <![CDATA[chrome]]>
              </value>
            </param>
          </params>
          <reporter-output>
          </reporter-output>
        </test-method> <!-- initialiseBrowser -->
        <test-method signature="loginWithInValidCredentials(java.lang.String,java.lang.String)[pri:2, instance:com.sevenRMartSuperMarketTest.LoginTest@7cbd9d24]" started-at="2023-04-22T17:36:09 IST" name="loginWithInValidCredentials" data-provider="LoginProvider" finished-at="2023-04-22T17:36:12 IST" duration-ms="2960" status="PASS">
          <params>
            <param index="0">
              <value>
                <![CDATA[admin]]>
              </value>
            </param>
            <param index="1">
              <value>
                <![CDATA[admin123]]>
              </value>
            </param>
          </params>
          <reporter-output>
          </reporter-output>
        </test-method> <!-- loginWithInValidCredentials -->
        <test-method is-config="true" signature="browserQuit(org.testng.ITestResult)[pri:0, instance:com.sevenRMartSuperMarketTest.LoginTest@7cbd9d24]" started-at="2023-04-22T17:36:12 IST" name="browserQuit" finished-at="2023-04-22T17:36:12 IST" duration-ms="357" status="PASS">
          <params>
            <param index="0">
              <value>
                <![CDATA[[TestResult name=loginWithInValidCredentials status=SUCCESS method=LoginTest.loginWithInValidCredentials(java.lang.String,java.lang.String)[pri:2, instance:com.sevenRMartSuperMarketTest.LoginTest@7cbd9d24] output={null}]]]>
              </value>
            </param>
          </params>
          <reporter-output>
          </reporter-output>
        </test-method> <!-- browserQuit -->
        <test-method is-config="true" signature="initialiseBrowser(java.lang.String)[pri:0, instance:com.sevenRMartSuperMarketTest.LoginTest@7cbd9d24]" started-at="2023-04-22T17:36:12 IST" name="initialiseBrowser" finished-at="2023-04-22T17:36:22 IST" duration-ms="9726" status="PASS">
          <params>
            <param index="0">
              <value>
                <![CDATA[chrome]]>
              </value>
            </param>
          </params>
          <reporter-output>
          </reporter-output>
        </test-method> <!-- initialiseBrowser -->
        <test-method signature="loginWithInValidCredentials(java.lang.String,java.lang.String)[pri:2, instance:com.sevenRMartSuperMarketTest.LoginTest@7cbd9d24]" started-at="2023-04-22T17:36:22 IST" name="loginWithInValidCredentials" data-provider="LoginProvider" finished-at="2023-04-22T17:36:23 IST" duration-ms="1218" status="PASS">
          <params>
            <param index="0">
              <value>
                <![CDATA[admin1]]>
              </value>
            </param>
            <param index="1">
              <value>
                <![CDATA[admin]]>
              </value>
            </param>
          </params>
          <reporter-output>
          </reporter-output>
        </test-method> <!-- loginWithInValidCredentials -->
        <test-method is-config="true" signature="browserQuit(org.testng.ITestResult)[pri:0, instance:com.sevenRMartSuperMarketTest.LoginTest@7cbd9d24]" started-at="2023-04-22T17:36:23 IST" name="browserQuit" finished-at="2023-04-22T17:36:24 IST" duration-ms="438" status="PASS">
          <params>
            <param index="0">
              <value>
                <![CDATA[[TestResult name=loginWithInValidCredentials status=SUCCESS method=LoginTest.loginWithInValidCredentials(java.lang.String,java.lang.String)[pri:2, instance:com.sevenRMartSuperMarketTest.LoginTest@7cbd9d24] output={null}]]]>
              </value>
            </param>
          </params>
          <reporter-output>
          </reporter-output>
        </test-method> <!-- browserQuit -->
        <test-method is-config="true" signature="initialiseBrowser(java.lang.String)[pri:0, instance:com.sevenRMartSuperMarketTest.LoginTest@7cbd9d24]" started-at="2023-04-22T17:36:24 IST" name="initialiseBrowser" finished-at="2023-04-22T17:36:34 IST" duration-ms="10061" status="PASS">
          <params>
            <param index="0">
              <value>
                <![CDATA[chrome]]>
              </value>
            </param>
          </params>
          <reporter-output>
          </reporter-output>
        </test-method> <!-- initialiseBrowser -->
        <test-method signature="loginWithInValidCredentials(java.lang.String,java.lang.String)[pri:2, instance:com.sevenRMartSuperMarketTest.LoginTest@7cbd9d24]" started-at="2023-04-22T17:36:34 IST" name="loginWithInValidCredentials" data-provider="LoginProvider" finished-at="2023-04-22T17:36:35 IST" duration-ms="1317" status="PASS">
          <params>
            <param index="0">
              <value>
                <![CDATA[Admin]]>
              </value>
            </param>
            <param index="1">
              <value>
                <![CDATA[adminnew]]>
              </value>
            </param>
          </params>
          <reporter-output>
          </reporter-output>
        </test-method> <!-- loginWithInValidCredentials -->
        <test-method is-config="true" signature="browserQuit(org.testng.ITestResult)[pri:0, instance:com.sevenRMartSuperMarketTest.LoginTest@7cbd9d24]" started-at="2023-04-22T17:36:35 IST" name="browserQuit" finished-at="2023-04-22T17:36:36 IST" duration-ms="374" status="PASS">
          <params>
            <param index="0">
              <value>
                <![CDATA[[TestResult name=loginWithInValidCredentials status=SUCCESS method=LoginTest.loginWithInValidCredentials(java.lang.String,java.lang.String)[pri:2, instance:com.sevenRMartSuperMarketTest.LoginTest@7cbd9d24] output={null}]]]>
              </value>
            </param>
          </params>
          <reporter-output>
          </reporter-output>
        </test-method> <!-- browserQuit -->
      </class> <!-- com.sevenRMartSuperMarketTest.LoginTest -->
      <class name="com.sevenRMartSuperMarketTest.ManagePaymentMethodsTest">
        <test-method is-config="true" signature="initialiseBrowser(java.lang.String)[pri:0, instance:com.sevenRMartSuperMarketTest.ManagePaymentMethodsTest@1bae316d]" started-at="2023-04-22T17:34:57 IST" name="initialiseBrowser" finished-at="2023-04-22T17:35:04 IST" duration-ms="6339" status="PASS">
          <params>
            <param index="0">
              <value>
                <![CDATA[chrome]]>
              </value>
            </param>
          </params>
          <reporter-output>
          </reporter-output>
        </test-method> <!-- initialiseBrowser -->
        <test-method signature="managePaymentMethodsAction(java.lang.String,java.lang.String)[pri:0, instance:com.sevenRMartSuperMarketTest.ManagePaymentMethodsTest@1bae316d]" started-at="2023-04-22T17:35:04 IST" name="managePaymentMethodsAction" finished-at="2023-04-22T17:35:11 IST" duration-ms="7962" status="PASS">
          <params>
            <param index="0">
              <value>
                <![CDATA[admin]]>
              </value>
            </param>
            <param index="1">
              <value>
                <![CDATA[admin]]>
              </value>
            </param>
          </params>
          <reporter-output>
          </reporter-output>
        </test-method> <!-- managePaymentMethodsAction -->
        <test-method is-config="true" signature="browserQuit(org.testng.ITestResult)[pri:0, instance:com.sevenRMartSuperMarketTest.ManagePaymentMethodsTest@1bae316d]" started-at="2023-04-22T17:35:11 IST" name="browserQuit" finished-at="2023-04-22T17:35:12 IST" duration-ms="395" status="PASS">
          <params>
            <param index="0">
              <value>
                <![CDATA[[TestResult name=managePaymentMethodsAction status=SUCCESS method=ManagePaymentMethodsTest.managePaymentMethodsAction(java.lang.String,java.lang.String)[pri:0, instance:com.sevenRMartSuperMarketTest.ManagePaymentMethodsTest@1bae316d] output={null}]]]>
              </value>
            </param>
          </params>
          <reporter-output>
          </reporter-output>
        </test-method> <!-- browserQuit -->
        <test-method is-config="true" signature="initialiseBrowser(java.lang.String)[pri:0, instance:com.sevenRMartSuperMarketTest.ManagePaymentMethodsTest@1bae316d]" started-at="2023-04-22T17:35:12 IST" name="initialiseBrowser" finished-at="2023-04-22T17:35:18 IST" duration-ms="5765" status="PASS">
          <params>
            <param index="0">
              <value>
                <![CDATA[chrome]]>
              </value>
            </param>
          </params>
          <reporter-output>
          </reporter-output>
        </test-method> <!-- initialiseBrowser -->
        <test-method signature="managePaymentMethodsType(java.lang.String,java.lang.String)[pri:0, instance:com.sevenRMartSuperMarketTest.ManagePaymentMethodsTest@1bae316d]" started-at="2023-04-22T17:35:18 IST" name="managePaymentMethodsType" finished-at="2023-04-22T17:35:23 IST" duration-ms="5170" status="PASS">
          <params>
            <param index="0">
              <value>
                <![CDATA[admin]]>
              </value>
            </param>
            <param index="1">
              <value>
                <![CDATA[admin]]>
              </value>
            </param>
          </params>
          <reporter-output>
          </reporter-output>
        </test-method> <!-- managePaymentMethodsType -->
        <test-method is-config="true" signature="browserQuit(org.testng.ITestResult)[pri:0, instance:com.sevenRMartSuperMarketTest.ManagePaymentMethodsTest@1bae316d]" started-at="2023-04-22T17:35:23 IST" name="browserQuit" finished-at="2023-04-22T17:35:23 IST" duration-ms="485" status="PASS">
          <params>
            <param index="0">
              <value>
                <![CDATA[[TestResult name=managePaymentMethodsType status=SUCCESS method=ManagePaymentMethodsTest.managePaymentMethodsType(java.lang.String,java.lang.String)[pri:0, instance:com.sevenRMartSuperMarketTest.ManagePaymentMethodsTest@1bae316d] output={null}]]]>
              </value>
            </param>
          </params>
          <reporter-output>
          </reporter-output>
        </test-method> <!-- browserQuit -->
      </class> <!-- com.sevenRMartSuperMarketTest.ManagePaymentMethodsTest -->
      <class name="com.sevenRMartSuperMarketTest.ManageUsersTest">
        <test-method is-config="true" signature="initialiseBrowser(java.lang.String)[pri:0, instance:com.sevenRMartSuperMarketTest.ManageUsersTest@2ce6c6ec]" started-at="2023-04-22T17:34:30 IST" name="initialiseBrowser" finished-at="2023-04-22T17:34:34 IST" duration-ms="4516" status="PASS">
          <params>
            <param index="0">
              <value>
                <![CDATA[chrome]]>
              </value>
            </param>
          </params>
          <reporter-output>
          </reporter-output>
        </test-method> <!-- initialiseBrowser -->
        <test-method signature="manageUsersResetButtonBorderColor()[pri:0, instance:com.sevenRMartSuperMarketTest.ManageUsersTest@2ce6c6ec]" started-at="2023-04-22T17:34:34 IST" name="manageUsersResetButtonBorderColor" finished-at="2023-04-22T17:34:36 IST" duration-ms="1970" status="PASS">
          <reporter-output>
          </reporter-output>
        </test-method> <!-- manageUsersResetButtonBorderColor -->
        <test-method is-config="true" signature="browserQuit(org.testng.ITestResult)[pri:0, instance:com.sevenRMartSuperMarketTest.ManageUsersTest@2ce6c6ec]" started-at="2023-04-22T17:34:36 IST" name="browserQuit" finished-at="2023-04-22T17:34:37 IST" duration-ms="472" status="PASS">
          <params>
            <param index="0">
              <value>
                <![CDATA[[TestResult name=manageUsersResetButtonBorderColor status=SUCCESS method=ManageUsersTest.manageUsersResetButtonBorderColor()[pri:0, instance:com.sevenRMartSuperMarketTest.ManageUsersTest@2ce6c6ec] output={null}]]]>
              </value>
            </param>
          </params>
          <reporter-output>
          </reporter-output>
        </test-method> <!-- browserQuit -->
        <test-method is-config="true" signature="initialiseBrowser(java.lang.String)[pri:0, instance:com.sevenRMartSuperMarketTest.ManageUsersTest@2ce6c6ec]" started-at="2023-04-22T17:34:37 IST" name="initialiseBrowser" finished-at="2023-04-22T17:34:43 IST" duration-ms="5949" status="PASS">
          <params>
            <param index="0">
              <value>
                <![CDATA[chrome]]>
              </value>
            </param>
          </params>
          <reporter-output>
          </reporter-output>
        </test-method> <!-- initialiseBrowser -->
        <test-method signature="manageUsersSearchButtonBackGround()[pri:0, instance:com.sevenRMartSuperMarketTest.ManageUsersTest@2ce6c6ec]" started-at="2023-04-22T17:34:43 IST" name="manageUsersSearchButtonBackGround" finished-at="2023-04-22T17:34:46 IST" duration-ms="3188" status="PASS">
          <reporter-output>
          </reporter-output>
        </test-method> <!-- manageUsersSearchButtonBackGround -->
        <test-method is-config="true" signature="browserQuit(org.testng.ITestResult)[pri:0, instance:com.sevenRMartSuperMarketTest.ManageUsersTest@2ce6c6ec]" started-at="2023-04-22T17:34:46 IST" name="browserQuit" finished-at="2023-04-22T17:34:46 IST" duration-ms="311" status="PASS">
          <params>
            <param index="0">
              <value>
                <![CDATA[[TestResult name=manageUsersSearchButtonBackGround status=SUCCESS method=ManageUsersTest.manageUsersSearchButtonBackGround()[pri:0, instance:com.sevenRMartSuperMarketTest.ManageUsersTest@2ce6c6ec] output={null}]]]>
              </value>
            </param>
          </params>
          <reporter-output>
          </reporter-output>
        </test-method> <!-- browserQuit -->
        <test-method is-config="true" signature="initialiseBrowser(java.lang.String)[pri:0, instance:com.sevenRMartSuperMarketTest.ManageUsersTest@2ce6c6ec]" started-at="2023-04-22T17:34:46 IST" name="initialiseBrowser" finished-at="2023-04-22T17:34:52 IST" duration-ms="5498" status="PASS">
          <params>
            <param index="0">
              <value>
                <![CDATA[chrome]]>
              </value>
            </param>
          </params>
          <reporter-output>
          </reporter-output>
        </test-method> <!-- initialiseBrowser -->
        <test-method signature="searchUsersInManageUsers()[pri:0, instance:com.sevenRMartSuperMarketTest.ManageUsersTest@2ce6c6ec]" started-at="2023-04-22T17:34:52 IST" name="searchUsersInManageUsers" finished-at="2023-04-22T17:34:56 IST" duration-ms="4693" status="PASS">
          <reporter-output>
          </reporter-output>
        </test-method> <!-- searchUsersInManageUsers -->
        <test-method is-config="true" signature="browserQuit(org.testng.ITestResult)[pri:0, instance:com.sevenRMartSuperMarketTest.ManageUsersTest@2ce6c6ec]" started-at="2023-04-22T17:34:56 IST" name="browserQuit" finished-at="2023-04-22T17:34:57 IST" duration-ms="783" status="PASS">
          <params>
            <param index="0">
              <value>
                <![CDATA[[TestResult name=searchUsersInManageUsers status=SUCCESS method=ManageUsersTest.searchUsersInManageUsers()[pri:0, instance:com.sevenRMartSuperMarketTest.ManageUsersTest@2ce6c6ec] output={null}]]]>
              </value>
            </param>
          </params>
          <reporter-output>
          </reporter-output>
        </test-method> <!-- browserQuit -->
      </class> <!-- com.sevenRMartSuperMarketTest.ManageUsersTest -->
      <class name="com.sevenRMartSuperMarketTest.SiteNameTest">
        <test-method is-config="true" signature="initialiseBrowser(java.lang.String)[pri:0, instance:com.sevenRMartSuperMarketTest.SiteNameTest@6676f6a0]" started-at="2023-04-22T17:35:33 IST" name="initialiseBrowser" finished-at="2023-04-22T17:35:39 IST" duration-ms="6040" status="PASS">
          <params>
            <param index="0">
              <value>
                <![CDATA[chrome]]>
              </value>
            </param>
          </params>
          <reporter-output>
          </reporter-output>
        </test-method> <!-- initialiseBrowser -->
        <test-method signature="siteName(java.lang.String,java.lang.String)[pri:0, instance:com.sevenRMartSuperMarketTest.SiteNameTest@6676f6a0]" started-at="2023-04-22T17:35:39 IST" name="siteName" finished-at="2023-04-22T17:35:42 IST" duration-ms="2388" status="PASS">
          <params>
            <param index="0">
              <value>
                <![CDATA[admin]]>
              </value>
            </param>
            <param index="1">
              <value>
                <![CDATA[admin]]>
              </value>
            </param>
          </params>
          <reporter-output>
          </reporter-output>
        </test-method> <!-- siteName -->
        <test-method is-config="true" signature="browserQuit(org.testng.ITestResult)[pri:0, instance:com.sevenRMartSuperMarketTest.SiteNameTest@6676f6a0]" started-at="2023-04-22T17:35:42 IST" name="browserQuit" finished-at="2023-04-22T17:35:42 IST" duration-ms="384" status="PASS">
          <params>
            <param index="0">
              <value>
                <![CDATA[[TestResult name=siteName status=SUCCESS method=SiteNameTest.siteName(java.lang.String,java.lang.String)[pri:0, instance:com.sevenRMartSuperMarketTest.SiteNameTest@6676f6a0] output={null}]]]>
              </value>
            </param>
          </params>
          <reporter-output>
          </reporter-output>
        </test-method> <!-- browserQuit -->
      </class> <!-- com.sevenRMartSuperMarketTest.SiteNameTest -->
      <class name="com.sevenRMartSuperMarketTest.ManageOfferCodeTest">
        <test-method is-config="true" signature="initialiseBrowser(java.lang.String)[pri:0, instance:com.sevenRMartSuperMarketTest.ManageOfferCodeTest@5026735c]" started-at="2023-04-22T17:36:54 IST" name="initialiseBrowser" finished-at="2023-04-22T17:37:01 IST" duration-ms="6979" status="PASS">
          <params>
            <param index="0">
              <value>
                <![CDATA[chrome]]>
              </value>
            </param>
          </params>
          <reporter-output>
          </reporter-output>
        </test-method> <!-- initialiseBrowser -->
        <test-method signature="manageoffercode(java.lang.String,java.lang.String)[pri:0, instance:com.sevenRMartSuperMarketTest.ManageOfferCodeTest@5026735c]" started-at="2023-04-22T17:37:01 IST" name="manageoffercode" finished-at="2023-04-22T17:37:04 IST" duration-ms="2492" status="PASS">
          <params>
            <param index="0">
              <value>
                <![CDATA[admin]]>
              </value>
            </param>
            <param index="1">
              <value>
                <![CDATA[admin]]>
              </value>
            </param>
          </params>
          <reporter-output>
          </reporter-output>
        </test-method> <!-- manageoffercode -->
        <test-method is-config="true" signature="browserQuit(org.testng.ITestResult)[pri:0, instance:com.sevenRMartSuperMarketTest.ManageOfferCodeTest@5026735c]" started-at="2023-04-22T17:37:04 IST" name="browserQuit" finished-at="2023-04-22T17:37:06 IST" duration-ms="1801" status="PASS">
          <params>
            <param index="0">
              <value>
                <![CDATA[[TestResult name=manageoffercode status=SUCCESS method=ManageOfferCodeTest.manageoffercode(java.lang.String,java.lang.String)[pri:0, instance:com.sevenRMartSuperMarketTest.ManageOfferCodeTest@5026735c] output={null}]]]>
              </value>
            </param>
          </params>
          <reporter-output>
          </reporter-output>
        </test-method> <!-- browserQuit -->
      </class> <!-- com.sevenRMartSuperMarketTest.ManageOfferCodeTest -->
    </test> <!-- Test -->
  </suite> <!-- Suite -->
</testng-results>
