<?xml version="1.0" encoding="UTF-8"?>
<!-- Generated by org.testng.reporters.JUnitXMLReporter -->
<testsuite hostname="HRISHIKESHSALU" ignored="0" name="Test" tests="30" failures="0" timestamp="2023-05-05T20:11:38 IST" time="414.534" errors="0">
  <testcase name="VerifyCerditCardPaymentMethodAndPayLimitIsDispalyedCorrectlyInManagePaymentMethodTable" time="4.851" classname="com.sevenRMartSuperMarketTestScripts.ManagePaymentMethodsTest"/>
  <testcase name="VerifyUserCanNavigateBackToHomePageByClickingHomeButtonInManagePayementMethodPage" time="3.129" classname="com.sevenRMartSuperMarketTestScripts.ManagePaymentMethodsTest"/>
  <testcase name="verifyUserCanUpdatePaymentDetailsByClickingActionButtonInManagePaymentMethodsTableAndEnterUpdatedTitle_UpdatedPayLimit_AndClickUpdateButton" time="4.341" classname="com.sevenRMartSuperMarketTestScripts.ManagePaymentMethodsTest"/>
  <testcase name="getStylePropertyColorOfMoreInfoInHomePage" time="2.135" classname="com.sevenRMartSuperMarketTestScripts.HomePageTest"/>
  <testcase name="verifyAnAlertMessageIsDisplayedByClickingNewButtonAndSelectCategory_UploadImage_AndClickSaveButton" time="3.051" classname="com.sevenRMartSuperMarketTestScripts.MobileSliderTest"/>
  <testcase name="verifyNewOfferCodeAddedIsDisplayedInListOfferCodeTableByClickingSearchButton" time="3.923" classname="com.sevenRMartSuperMarketTestScripts.ManageOfferCodeTest"/>
  <testcase name="verifyNewOfferCodeCanBeAddedByClickingNewButtonAndEnteringValidOfferDetails" time="6.047" classname="com.sevenRMartSuperMarketTestScripts.ManageOfferCodeTest"/>
  <testcase name="verifyAnAlertMessageIsDisplayedByClickingDeleteButtonInListSlidersTable" time="3.367" classname="com.sevenRMartSuperMarketTestScripts.ManageSliderTest"/>
  <testcase name="verifyAnalertMessageIsDisplayedByClickingNewButton_AndUploadImageByClickingChooseImageButton_AndEnterLinkInLinkField_AndClickSaveButton" time="3.708" classname="com.sevenRMartSuperMarketTestScripts.ManageSliderTest"/>
  <testcase name="verifyNewSlideraddedIsDispalyedInListSliderTableByFetchingLinkFromListSlidersTableAndCompareWithExpectedLinkValue" time="3.334" classname="com.sevenRMartSuperMarketTestScripts.ManageSliderTest"/>
  <testcase name="verifyUserCanloginByEnteringValidCredentialsAndCLickSignInButton" time="1.313" classname="com.sevenRMartSuperMarketTestScripts.LoginTest"/>
  <testcase name="VerifyAnAlertMessageIsShownByEnteringInValidCredentialsAndClickSignInButton" time="1.429" classname="com.sevenRMartSuperMarketTestScripts.LoginTest"/>
  <testcase name="VerifyAnAlertMessageIsShownByEnteringInValidCredentialsAndClickSignInButton" time="1.136" classname="com.sevenRMartSuperMarketTestScripts.LoginTest"/>
  <testcase name="VerifyAnAlertMessageIsShownByEnteringInValidCredentialsAndClickSignInButton" time="1.139" classname="com.sevenRMartSuperMarketTestScripts.LoginTest"/>
  <testcase name="VerifyNewAdminUserCanBeAddedInAdminUsersTableByClickingNewButton" time="3.758" classname="com.sevenRMartSuperMarketTestScripts.AdminUsersTest"/>
  <testcase name="toCheckNewAdminUserAddedIsAvailableInAdminUsersTableByClickingSearchButton" time="3.626" classname="com.sevenRMartSuperMarketTestScripts.AdminUsersTest"/>
  <testcase name="verifyStatusOfIOrderIsUpdatedByClickingChangeStatusInListOrderSTableAndSelectStausFromDropdownButtonThenClickUpdate" time="7.632" classname="com.sevenRMartSuperMarketTestScripts.ManageOrdersTest"/>
  <testcase name="verifyUsersCanViewOrderDetailsByClickingViewButtonInListOrdersTable" time="3.937" classname="com.sevenRMartSuperMarketTestScripts.ManageOrdersTest"/>
  <testcase name="verifyUsersGetAnAlertMessageByClickingDeleteButtonInListOrderTable" time="3.107" classname="com.sevenRMartSuperMarketTestScripts.ManageOrdersTest"/>
  <testcase name="verifydeliveryBoyForEveryOrderIsUpdatedInListOrderTableByClickingAssignDeliveryBoyAndSelectDeliverBoYfromDropDownButtonThenClickUpdate" time="5.382" classname="com.sevenRMartSuperMarketTestScripts.ManageOrdersTest"/>
  <testcase name="verifyUserIsAvailableInListUsersTableByClickingSearchButtonAndEnteringValueInNameField" time="6.344" classname="com.sevenRMartSuperMarketTestScripts.VerifyUsersTest"/>
  <testcase name="verifyRadioButtonsInAddProductTypePageIsEnabled" time="6.587" classname="com.sevenRMartSuperMarketTestScripts.ManageProductsTest"/>
  <testcase name="verifyRandomDataIsGeneratedForCategoryAndSubCategorydropDownButtonInAddProductInformationFormByClickingCategoryAndSubCategory" time="5.225" classname="com.sevenRMartSuperMarketTestScripts.ManageProductsTest"/>
  <testcase name="VerifyUserIsAvailable_InListUsersTableByClickingSearchButtonAndEnteringValueInNameFieldAndClickSearchButtonInSearchListUsers" time="8.847" classname="com.sevenRMartSuperMarketTestScripts.ManageUsersTest"/>
  <testcase name="verifyManageUsersPageResetButtonColorIsYellow" time="2.308" classname="com.sevenRMartSuperMarketTestScripts.ManageUsersTest"/>
  <testcase name="verifyManageUsersSearchButtonBackGroundColorIsBlue" time="4.975" classname="com.sevenRMartSuperMarketTestScripts.ManageUsersTest"/>
  <testcase name="verifySiteNameIsDisplayedCorrectlyInHomePageByFetchingTextOfSiteName" time="1.52" classname="com.sevenRMartSuperMarketTestScripts.SiteNameTest"/>
  <testcase name="verifyTheFontColorOfsiteNameIsWhite" time="2.441" classname="com.sevenRMartSuperMarketTestScripts.SiteNameTest"/>
  <testcase name="verifyAnAlertMessageIsDisplayed_ByEnteringTitleAndDescriptionAndClickSendButtonInPushNotiFicationPage" time="7.786" classname="com.sevenRMartSuperMarketTestScripts.PushNotificationsTest"/>
  <testcase name="verifyPageIsPresentInListPagesTableByEnteringPageNameAndClickingSearchButton" time="6.1" classname="com.sevenRMartSuperMarketTestScripts.ManagePagesTest"/>
</testsuite> <!-- Test -->
