<?xml version="1.0" encoding="UTF-8"?>
<!-- Generated by org.testng.reporters.JUnitXMLReporter -->
<testsuite ignored="0" hostname="HRISHIKESHSALU" failures="0" tests="15" name="Test" time="174.06" errors="0" timestamp="2023-04-22T17:37:06 IST">
  <testcase classname="com.sevenRMartSuperMarketTest.ManageProductsTest" name="manageProductsAddProductTypeRadioButton" time="4.36"/>
  <testcase classname="com.sevenRMartSuperMarketTest.ManageProductsTest" name="manageProductsfaker" time="4.566"/>
  <testcase classname="com.sevenRMartSuperMarketTest.ManageUsersTest" name="manageUsersResetButtonBorderColor" time="1.97"/>
  <testcase classname="com.sevenRMartSuperMarketTest.ManageUsersTest" name="manageUsersSearchButtonBackGround" time="3.188"/>
  <testcase classname="com.sevenRMartSuperMarketTest.ManageUsersTest" name="searchUsersInManageUsers" time="4.693"/>
  <testcase classname="com.sevenRMartSuperMarketTest.ManagePaymentMethodsTest" name="managePaymentMethodsAction" time="7.962"/>
  <testcase classname="com.sevenRMartSuperMarketTest.ManagePaymentMethodsTest" name="managePaymentMethodsType" time="5.17"/>
  <testcase classname="com.sevenRMartSuperMarketTest.VerifyUsersTest" name="verifyUsers" time="4.218"/>
  <testcase classname="com.sevenRMartSuperMarketTest.SiteNameTest" name="siteName" time="2.388"/>
  <testcase classname="com.sevenRMartSuperMarketTest.LoginTest" name="loginWithValidCredentials" time="4.778"/>
  <testcase classname="com.sevenRMartSuperMarketTest.LoginTest" name="loginWithInValidCredentials" time="2.96"/>
  <testcase classname="com.sevenRMartSuperMarketTest.LoginTest" name="loginWithInValidCredentials" time="1.218"/>
  <testcase classname="com.sevenRMartSuperMarketTest.LoginTest" name="loginWithInValidCredentials" time="1.317"/>
  <testcase classname="com.sevenRMartSuperMarketTest.PushNotificationsTest" name="pushNotifications" time="8.979"/>
  <testcase classname="com.sevenRMartSuperMarketTest.ManageOfferCodeTest" name="manageoffercode" time="2.492"/>
</testsuite> <!-- Test -->
