<?xml version="1.0" encoding="UTF-8"?>
<!-- Generated by org.testng.reporters.JUnitXMLReporter -->
<testsuite ignored="0" hostname="HRISHIKESHSALU" failures="0" tests="3" name="Test3" time="20.98" errors="0" timestamp="2023-04-18T12:26:36 IST">
  <testcase classname="com.sevenRMartSuperMarketTest.PushNotificationsTest" name="pushNotifications" time="4.35"/>
  <testcase classname="com.sevenRMartSuperMarketTest.ManageOffedCodeTest" name="manageoffercode" time="2.513"/>
  <testcase classname="com.sevenRMartSuperMarketTest.ManagePaymentMethodsTest" name="managePayment" time="2.721"/>
</testsuite> <!-- Test3 -->
