<?xml version="1.0" encoding="UTF-8"?>
<!-- Generated by org.testng.reporters.JUnitXMLReporter -->
<testsuite ignored="0" hostname="HRISHIKESHSALU" failures="0" tests="3" name="Test3" time="17.618" errors="0" timestamp="2023-04-18T20:07:27 IST">
  <testcase classname="com.sevenRMartSuperMarketTest.PushNotificationsTest" name="pushNotifications" time="3.631"/>
  <testcase classname="com.sevenRMartSuperMarketTest.ManageOffedCodeTest" name="manageoffercode" time="2.3"/>
  <testcase classname="com.sevenRMartSuperMarketTest.ManagePaymentMethodsTest" name="managePayment" time="2.517"/>
</testsuite> <!-- Test3 -->
