<?xml version="1.0" encoding="UTF-8"?>
<!-- Generated by org.testng.reporters.JUnitXMLReporter -->
<testsuite hostname="HRISHIKESHSALU" ignored="0" name="Test" tests="15" failures="0" timestamp="2023-04-22T19:36:00 IST" time="332.286" errors="0">
  <testcase name="@BeforeMethod initialiseBrowser" time="13.09" classname="com.sevenRMartSuperMarketTest.Base">
    <failure type="org.openqa.selenium.WebDriverException" message="disconnected: Unable to receive message from renderer
  (failed to check if window was closed: disconnected: not connected to DevTools)
  (Session info: chrome=112.0.5615.138)
Build info: version: &amp;apos;4.8.3&amp;apos;, revision: &amp;apos;e5e76298c3&amp;apos;
System info: os.name: &amp;apos;Windows 10&amp;apos;, os.arch: &amp;apos;amd64&amp;apos;, os.version: &amp;apos;10.0&amp;apos;, java.version: &amp;apos;1.8.0_202&amp;apos;
Driver info: org.openqa.selenium.chrome.ChromeDriver
Command: [e330c2e07a8308f4a1a5b5646f2bfce4, get {url=https://groceryapp.uniqassosiates.com/admin}]
Capabilities {acceptInsecureCerts: false, browserName: chrome, browserVersion: 112.0.5615.138, chrome: {chromedriverVersion: 112.0.5615.49 (bd2a7bcb881c..., userDataDir: C:\Users\SHALU\AppData\Loca...}, goog:chromeOptions: {debuggerAddress: localhost:61446}, networkConnectionEnabled: false, pageLoadStrategy: normal, platformName: WINDOWS, proxy: Proxy(), se:cdp: ws://localhost:61446/devtoo..., se:cdpVersion: 112.0.5615.138, setWindowRect: true, strictFileInteractability: false, timeouts: {implicit: 0, pageLoad: 300000, script: 30000}, unhandledPromptBehavior: dismiss and notify, webauthn:extension:credBlob: true, webauthn:extension:largeBlob: true, webauthn:extension:minPinLength: true, webauthn:extension:prf: true, webauthn:virtualAuthenticators: true}
Session ID: e330c2e07a8308f4a1a5b5646f2bfce4">
      <![CDATA[org.openqa.selenium.WebDriverException: disconnected: Unable to receive message from renderer
  (failed to check if window was closed: disconnected: not connected to DevTools)
  (Session info: chrome=112.0.5615.138)
Build info: version: '4.8.3', revision: 'e5e76298c3'
System info: os.name: 'Windows 10', os.arch: 'amd64', os.version: '10.0', java.version: '1.8.0_202'
Driver info: org.openqa.selenium.chrome.ChromeDriver
Command: [e330c2e07a8308f4a1a5b5646f2bfce4, get {url=https://groceryapp.uniqassosiates.com/admin}]
Capabilities {acceptInsecureCerts: false, browserName: chrome, browserVersion: 112.0.5615.138, chrome: {chromedriverVersion: 112.0.5615.49 (bd2a7bcb881c..., userDataDir: C:\Users\SHALU\AppData\Loca...}, goog:chromeOptions: {debuggerAddress: localhost:61446}, networkConnectionEnabled: false, pageLoadStrategy: normal, platformName: WINDOWS, proxy: Proxy(), se:cdp: ws://localhost:61446/devtoo..., se:cdpVersion: 112.0.5615.138, setWindowRect: true, strictFileInteractability: false, timeouts: {implicit: 0, pageLoad: 300000, script: 30000}, unhandledPromptBehavior: dismiss and notify, webauthn:extension:credBlob: true, webauthn:extension:largeBlob: true, webauthn:extension:minPinLength: true, webauthn:extension:prf: true, webauthn:virtualAuthenticators: true}
Session ID: e330c2e07a8308f4a1a5b5646f2bfce4
at org.openqa.selenium.remote.codec.w3c.W3CHttpResponseCodec.createException(W3CHttpResponseCodec.java:200)
at org.openqa.selenium.remote.codec.w3c.W3CHttpResponseCodec.decode(W3CHttpResponseCodec.java:133)
at org.openqa.selenium.remote.codec.w3c.W3CHttpResponseCodec.decode(W3CHttpResponseCodec.java:53)
at org.openqa.selenium.remote.HttpCommandExecutor.execute(HttpCommandExecutor.java:193)
at org.openqa.selenium.remote.service.DriverCommandExecutor.invokeExecute(DriverCommandExecutor.java:183)
at org.openqa.selenium.remote.service.DriverCommandExecutor.execute(DriverCommandExecutor.java:158)
at org.openqa.selenium.remote.RemoteWebDriver.execute(RemoteWebDriver.java:543)
at org.openqa.selenium.remote.RemoteWebDriver.get(RemoteWebDriver.java:297)
at com.sevenRMartSuperMarketTest.Base.initialiseBrowser(Base.java:93)
at java.util.ArrayList.forEach(ArrayList.java:1257)
... Removed 39 stack frames]]>
    </failure>
  </testcase> <!-- @BeforeMethod initialiseBrowser -->
  <testcase name="verifyUsers" time="5.462" classname="com.sevenRMartSuperMarketTest.VerifyUsersTest"/>
  <testcase name="manageProductsAddProductTypeRadioButton" time="4.131" classname="com.sevenRMartSuperMarketTest.ManageProductsTest"/>
  <testcase name="manageProductsfaker" time="3.511" classname="com.sevenRMartSuperMarketTest.ManageProductsTest"/>
  <testcase name="manageUsersResetButtonBorderColor" time="1.525" classname="com.sevenRMartSuperMarketTest.ManageUsersTest"/>
  <testcase name="manageUsersSearchButtonBackGround" time="2.451" classname="com.sevenRMartSuperMarketTest.ManageUsersTest"/>
  <testcase name="searchUsersInManageUsers" time="0.0" classname="com.sevenRMartSuperMarketTest.ManageUsersTest">
    <skipped/>
  </testcase> <!-- searchUsersInManageUsers -->
  <testcase name="managePaymentMethodsAction" time="4.519" classname="com.sevenRMartSuperMarketTest.ManagePaymentMethodsTest"/>
  <testcase name="managePaymentMethodsType" time="7.124" classname="com.sevenRMartSuperMarketTest.ManagePaymentMethodsTest"/>
  <testcase name="siteName" time="1.274" classname="com.sevenRMartSuperMarketTest.SiteNameTest"/>
  <testcase name="loginWithValidCredentials" time="1.459" classname="com.sevenRMartSuperMarketTest.LoginTest"/>
  <testcase name="loginWithInValidCredentials" time="0.629" classname="com.sevenRMartSuperMarketTest.LoginTest"/>
  <testcase name="loginWithInValidCredentials" time="0.941" classname="com.sevenRMartSuperMarketTest.LoginTest"/>
  <testcase name="loginWithInValidCredentials" time="0.851" classname="com.sevenRMartSuperMarketTest.LoginTest"/>
  <testcase name="pushNotifications" time="3.377" classname="com.sevenRMartSuperMarketTest.PushNotificationsTest"/>
  <testcase name="manageoffercode" time="1.896" classname="com.sevenRMartSuperMarketTest.ManageOfferCodeTest"/>
</testsuite> <!-- Test -->
