<?xml version="1.0" encoding="UTF-8"?>
<!-- Generated by org.testng.reporters.JUnitXMLReporter -->
<testsuite hostname="HRISHIKESHSALU" ignored="0" name="Test" tests="31" failures="0" timestamp="2023-04-30T12:37:28 IST" time="717.247" errors="0">
  <testcase name="verifyMobileSliderCanBeDeletedFromListMobileSlidersTableByClickingDeleteButtonInListMobileSliderTable" time="3.019" classname="com.sevenRMartSuperMarketTestScripts.MobileSliderTest"/>
  <testcase name="verifyNewMobileSlidercanBeSAddedByClickingNewInMobileSliderPage" time="3.028" classname="com.sevenRMartSuperMarketTestScripts.MobileSliderTest"/>
  <testcase name="VerifyNewAdminUserCanBeAddedInAdminUsersPage" time="1.563" classname="com.sevenRMartSuperMarketTestScripts.AdminUsersTest"/>
  <testcase name="searchAdminUsersInAdminUsersPage" time="2.051" classname="com.sevenRMartSuperMarketTestScripts.AdminUsersTest"/>
  <testcase name="verifyChangeStausUpdatedIsUpdatedInListOrderTable" time="3.162" classname="com.sevenRMartSuperMarketTestScripts.ManageOrdersTest"/>
  <testcase name="verifyUsersCanAbleToDeleteOrderDetailsFromListOrderTable" time="2.552" classname="com.sevenRMartSuperMarketTestScripts.ManageOrdersTest"/>
  <testcase name="verifyUsersCanViewOrderDetailsInManageOrdersPageByClickingViewInListOrdersTable" time="2.003" classname="com.sevenRMartSuperMarketTestScripts.ManageOrdersTest"/>
  <testcase name="verifydeliveryBoyIsAssignedForEverOrderCanBeUpdtedInListOrderTable" time="4.368" classname="com.sevenRMartSuperMarketTestScripts.ManageOrdersTest"/>
  <testcase name="addNewSliderInListSliderTable" time="4.225" classname="com.sevenRMartSuperMarketTestScripts.ManageSliderTest"/>
  <testcase name="addNewSlideraddedIsDispalyedInListSliderTable" time="1.926" classname="com.sevenRMartSuperMarketTestScripts.ManageSliderTest"/>
  <testcase name="deleteSliderFromListSliderTable" time="1.784" classname="com.sevenRMartSuperMarketTestScripts.ManageSliderTest"/>
  <testcase name="verifyUsers" time="3.004" classname="com.sevenRMartSuperMarketTestScripts.VerifyUsersTest"/>
  <testcase name="VerifyManageProducts_AddProductTypeRadioButtons" time="4.924" classname="com.sevenRMartSuperMarketTestScripts.ManageProductsTest"/>
  <testcase name="manageProductsfaker" time="3.842" classname="com.sevenRMartSuperMarketTestScripts.ManageProductsTest"/>
  <testcase name="managePaymentMethodsAction" time="4.116" classname="com.sevenRMartSuperMarketTestScripts.ManagePaymentMethodsTest"/>
  <testcase name="managePaymentMethodsType" time="2.483" classname="com.sevenRMartSuperMarketTestScripts.ManagePaymentMethodsTest"/>
  <testcase name="navigateBackToManagePayment" time="3.81" classname="com.sevenRMartSuperMarketTestScripts.ManagePaymentMethodsTest"/>
  <testcase name="VerifyManageUsersSearchButtonBackGroundColor" time="2.923" classname="com.sevenRMartSuperMarketTestScripts.ManageUsersTest"/>
  <testcase name="VerifyUserIsAvailable_InListUsersTable_InManageUsersPage_ByClickingOnSearchButton" time="3.608" classname="com.sevenRMartSuperMarketTestScripts.ManageUsersTest"/>
  <testcase name="verifyManageUsersResetButtonBorderColor" time="3.578" classname="com.sevenRMartSuperMarketTestScripts.ManageUsersTest"/>
  <testcase name="getFontsizeOfsiteName" time="1.594" classname="com.sevenRMartSuperMarketTestScripts.SiteNameTest"/>
  <testcase name="verifySiteNameIsDisplayedCorrectly" time="1.596" classname="com.sevenRMartSuperMarketTestScripts.SiteNameTest"/>
  <testcase name="loginWithValidCredentials" time="1.437" classname="com.sevenRMartSuperMarketTestScripts.LoginTest"/>
  <testcase name="loginWithInValidCredentials" time="1.197" classname="com.sevenRMartSuperMarketTestScripts.LoginTest"/>
  <testcase name="loginWithInValidCredentials" time="1.113" classname="com.sevenRMartSuperMarketTestScripts.LoginTest"/>
  <testcase name="loginWithInValidCredentials" time="0.984" classname="com.sevenRMartSuperMarketTestScripts.LoginTest"/>
  <testcase name="verifyAnAlertMessageIsSendByEnteringTitleAndDescriptionAndClickSend" time="4.069" classname="com.sevenRMartSuperMarketTestScripts.PushNotificationsTest"/>
  <testcase name="verifyNewOfferCodeAddedIsDisplayedInListOfferCodeTable" time="4.232" classname="com.sevenRMartSuperMarketTestScripts.ManageOfferCodeTest"/>
  <testcase name="verifyNewOfferCodeCanBeAddedByEnteringOfferInformation" time="4.711" classname="com.sevenRMartSuperMarketTestScripts.ManageOfferCodeTest"/>
  <testcase name="serachPageIsPresentInListPagesTable" time="4.585" classname="com.sevenRMartSuperMarketTestScripts.ManagePagesTest"/>
  <testcase name="getStylePropertyColorOfMoreInfoInHomePage" time="1.379" classname="com.sevenRMartSuperMarketTestScripts.HomePageTest"/>
</testsuite> <!-- Test -->
